Martian Runtime - v4.0.10
Serving UI at http://cdr1546.int.cedar.computecanada.ca:39554?auth=WqN0Li3gC6hSKwt5QRIaJGj7IFcuqxSw-jdV5XzJ5bQ

Running preflight checks (please wait)...
Checking sample info...
Checking FASTQ folder...
Checking reference...
Checking reference_path (/scratch/skim823/vs/brain/refdata-gex-mm10-2020-A) on cdr1546.int.cedar.computecanada.ca...
Checking read 2 length...
Checking optional arguments...
mro: v4.0.10
mrp: v4.0.10
Anaconda: Python 3.10.10
numpy: 1.23.5
scipy: 1.10.1
pysam: 0.21.0
h5py: 3.6.0
pandas: 1.5.3
STAR: 2.7.2a
samtools: samtools 1.16.1
2023-06-14 18:20:29 [runtime] (ready)           ID.Visium_FFPE_Mouse_Brain.SPATIAL_RNA_COUNTER_CS.SPATIAL_RNA_COUNTER_PREP.DETECT_CHEMISTRY
2023-06-14 18:20:29 [runtime] (run:local)       ID.Visium_FFPE_Mouse_Brain.SPATIAL_RNA_COUNTER_CS.SPATIAL_RNA_COUNTER_PREP.DETECT_CHEMISTRY.fork0.chnk0.main
2023-06-14 18:20:30 [runtime] (ready)           ID.Visium_FFPE_Mouse_Brain.SPATIAL_RNA_COUNTER_CS.SPATIAL_RNA_COUNTER.WRITE_GENE_INDEX
2023-06-14 18:20:30 [runtime] (run:local)       ID.Visium_FFPE_Mouse_Brain.SPATIAL_RNA_COUNTER_CS.SPATIAL_RNA_COUNTER.WRITE_GENE_INDEX.fork0.chnk0.main
2023-06-14 18:20:30 [runtime] (ready)           ID.Visium_FFPE_Mouse_Brain.SPATIAL_RNA_COUNTER_CS.SPATIAL_RNA_COUNTER.DISABLE_FEATURE_STAGES
2023-06-14 18:20:30 [runtime] (run:local)       ID.Visium_FFPE_Mouse_Brain.SPATIAL_RNA_COUNTER_CS.SPATIAL_RNA_COUNTER.DISABLE_FEATURE_STAGES.fork0.chnk0.main
2023-06-14 18:20:30 [runtime] (chunks_complete) ID.Visium_FFPE_Mouse_Brain.SPATIAL_RNA_COUNTER_CS.SPATIAL_RNA_COUNTER.DISABLE_FEATURE_STAGES
2023-06-14 18:20:39 [runtime] (chunks_complete) ID.Visium_FFPE_Mouse_Brain.SPATIAL_RNA_COUNTER_CS.SPATIAL_RNA_COUNTER_PREP.DETECT_CHEMISTRY
2023-06-14 18:20:39 [runtime] (ready)           ID.Visium_FFPE_Mouse_Brain.SPATIAL_RNA_COUNTER_CS.SPATIAL_RNA_COUNTER_PREP.MULTI_SETUP_CHUNKS
2023-06-14 18:20:39 [runtime] (run:local)       ID.Visium_FFPE_Mouse_Brain.SPATIAL_RNA_COUNTER_CS.SPATIAL_RNA_COUNTER_PREP.MULTI_SETUP_CHUNKS.fork0.chnk0.main
2023-06-14 18:20:39 [runtime] (chunks_complete) ID.Visium_FFPE_Mouse_Brain.SPATIAL_RNA_COUNTER_CS.SPATIAL_RNA_COUNTER_PREP.MULTI_SETUP_CHUNKS
2023-06-14 18:20:39 [runtime] (ready)           ID.Visium_FFPE_Mouse_Brain.SPATIAL_RNA_COUNTER_CS.SPATIAL_IMAGING_CS.DETERMINE_PIPELINE_MODE
2023-06-14 18:20:39 [runtime] (run:local)       ID.Visium_FFPE_Mouse_Brain.SPATIAL_RNA_COUNTER_CS.SPATIAL_IMAGING_CS.DETERMINE_PIPELINE_MODE.fork0.chnk0.main
2023-06-14 18:20:40 [runtime] (chunks_complete) ID.Visium_FFPE_Mouse_Brain.SPATIAL_RNA_COUNTER_CS.SPATIAL_IMAGING_CS.DETERMINE_PIPELINE_MODE
2023-06-14 18:20:40 [runtime] (ready)           ID.Visium_FFPE_Mouse_Brain.SPATIAL_RNA_COUNTER_CS.SPATIAL_IMAGING_CS.STANDARDIZE_IMAGES
2023-06-14 18:20:40 [runtime] (run:local)       ID.Visium_FFPE_Mouse_Brain.SPATIAL_RNA_COUNTER_CS.SPATIAL_IMAGING_CS.STANDARDIZE_IMAGES.fork0.split
2023-06-14 18:21:18 [runtime] (split_complete)  ID.Visium_FFPE_Mouse_Brain.SPATIAL_RNA_COUNTER_CS.SPATIAL_IMAGING_CS.STANDARDIZE_IMAGES
2023-06-14 18:21:18 [runtime] (run:local)       ID.Visium_FFPE_Mouse_Brain.SPATIAL_RNA_COUNTER_CS.SPATIAL_IMAGING_CS.STANDARDIZE_IMAGES.fork0.join
2023-06-14 18:22:41 [runtime] (chunks_complete) ID.Visium_FFPE_Mouse_Brain.SPATIAL_RNA_COUNTER_CS.SPATIAL_RNA_COUNTER.WRITE_GENE_INDEX
2023-06-14 18:22:41 [runtime] (ready)           ID.Visium_FFPE_Mouse_Brain.SPATIAL_RNA_COUNTER_CS.SPATIAL_RNA_COUNTER.PARSE_TARGET_FEATURES
2023-06-14 18:22:41 [runtime] (run:local)       ID.Visium_FFPE_Mouse_Brain.SPATIAL_RNA_COUNTER_CS.SPATIAL_RNA_COUNTER.PARSE_TARGET_FEATURES.fork0.chnk0.main
2023-06-14 18:22:53 [runtime] (join_complete)   ID.Visium_FFPE_Mouse_Brain.SPATIAL_RNA_COUNTER_CS.SPATIAL_IMAGING_CS.STANDARDIZE_IMAGES
2023-06-14 18:22:54 [runtime] (ready)           ID.Visium_FFPE_Mouse_Brain.SPATIAL_RNA_COUNTER_CS.SPATIAL_IMAGING_CS.LOUPE_ALIGNMENT_READER
2023-06-14 18:22:54 [runtime] (run:local)       ID.Visium_FFPE_Mouse_Brain.SPATIAL_RNA_COUNTER_CS.SPATIAL_IMAGING_CS.LOUPE_ALIGNMENT_READER.fork0.chnk0.main
2023-06-14 18:22:54 [runtime] (ready)           ID.Visium_FFPE_Mouse_Brain.SPATIAL_RNA_COUNTER_CS.CLOUPE_TILE_IMAGES
2023-06-14 18:22:54 [runtime] (run:local)       ID.Visium_FFPE_Mouse_Brain.SPATIAL_RNA_COUNTER_CS.CLOUPE_TILE_IMAGES.fork0.split
2023-06-14 18:22:55 [runtime] (chunks_complete) ID.Visium_FFPE_Mouse_Brain.SPATIAL_RNA_COUNTER_CS.SPATIAL_IMAGING_CS.LOUPE_ALIGNMENT_READER
2023-06-14 18:22:55 [runtime] (ready)           ID.Visium_FFPE_Mouse_Brain.SPATIAL_RNA_COUNTER_CS.SPATIAL_IMAGING_CS.REGISTER_TISSUE
2023-06-14 18:22:55 [runtime] (ready)           ID.Visium_FFPE_Mouse_Brain.SPATIAL_RNA_COUNTER_CS.SPATIAL_IMAGING_CS.GPR_READER
2023-06-14 18:22:58 [runtime] (run:local)       ID.Visium_FFPE_Mouse_Brain.SPATIAL_RNA_COUNTER_CS.SPATIAL_IMAGING_CS.GPR_READER.fork0.chnk0.main
2023-06-14 18:23:00 [runtime] (split_complete)  ID.Visium_FFPE_Mouse_Brain.SPATIAL_RNA_COUNTER_CS.CLOUPE_TILE_IMAGES
2023-06-14 18:23:00 [runtime] (run:local)       ID.Visium_FFPE_Mouse_Brain.SPATIAL_RNA_COUNTER_CS.CLOUPE_TILE_IMAGES.fork0.join
2023-06-14 18:23:00 [runtime] (chunks_complete) ID.Visium_FFPE_Mouse_Brain.SPATIAL_RNA_COUNTER_CS.SPATIAL_RNA_COUNTER.PARSE_TARGET_FEATURES
2023-06-14 18:23:00 [runtime] (ready)           ID.Visium_FFPE_Mouse_Brain.SPATIAL_RNA_COUNTER_CS.SPATIAL_RNA_COUNTER._BASIC_SPATIAL_RNA_COUNTER._MATRIX_COMPUTER.MAKE_SHARD
2023-06-14 18:23:00 [runtime] (run:local)       ID.Visium_FFPE_Mouse_Brain.SPATIAL_RNA_COUNTER_CS.SPATIAL_RNA_COUNTER._BASIC_SPATIAL_RNA_COUNTER._MATRIX_COMPUTER.MAKE_SHARD.fork0.split
2023-06-14 18:23:00 [runtime] (ready)           ID.Visium_FFPE_Mouse_Brain.SPATIAL_RNA_COUNTER_CS.SPATIAL_RNA_COUNTER._TARGETED_ANALYZER.DISABLE_GDNA_STAGES
2023-06-14 18:23:00 [runtime] (run:local)       ID.Visium_FFPE_Mouse_Brain.SPATIAL_RNA_COUNTER_CS.SPATIAL_RNA_COUNTER._TARGETED_ANALYZER.DISABLE_GDNA_STAGES.fork0.chnk0.main
2023-06-14 18:23:01 [runtime] (chunks_complete) ID.Visium_FFPE_Mouse_Brain.SPATIAL_RNA_COUNTER_CS.SPATIAL_RNA_COUNTER._TARGETED_ANALYZER.DISABLE_GDNA_STAGES
2023-06-14 18:23:02 [runtime] (chunks_complete) ID.Visium_FFPE_Mouse_Brain.SPATIAL_RNA_COUNTER_CS.SPATIAL_IMAGING_CS.GPR_READER
2023-06-14 18:23:02 [runtime] (ready)           ID.Visium_FFPE_Mouse_Brain.SPATIAL_RNA_COUNTER_CS.SPATIAL_IMAGING_CS.ALIGN_FIDUCIALS
2023-06-14 18:23:02 [runtime] (run:local)       ID.Visium_FFPE_Mouse_Brain.SPATIAL_RNA_COUNTER_CS.SPATIAL_IMAGING_CS.ALIGN_FIDUCIALS.fork0.chnk0.main
2023-06-14 18:23:07 [runtime] (split_complete)  ID.Visium_FFPE_Mouse_Brain.SPATIAL_RNA_COUNTER_CS.SPATIAL_RNA_COUNTER._BASIC_SPATIAL_RNA_COUNTER._MATRIX_COMPUTER.MAKE_SHARD
2023-06-14 18:23:07 [runtime] (run:local)       ID.Visium_FFPE_Mouse_Brain.SPATIAL_RNA_COUNTER_CS.SPATIAL_RNA_COUNTER._BASIC_SPATIAL_RNA_COUNTER._MATRIX_COMPUTER.MAKE_SHARD.fork0.chnk0.main
2023-06-14 18:23:07 [runtime] (run:local)       ID.Visium_FFPE_Mouse_Brain.SPATIAL_RNA_COUNTER_CS.SPATIAL_RNA_COUNTER._BASIC_SPATIAL_RNA_COUNTER._MATRIX_COMPUTER.MAKE_SHARD.fork0.chnk1.main
2023-06-14 18:23:32 [runtime] (chunks_complete) ID.Visium_FFPE_Mouse_Brain.SPATIAL_RNA_COUNTER_CS.SPATIAL_IMAGING_CS.ALIGN_FIDUCIALS
2023-06-14 18:23:32 [runtime] (ready)           ID.Visium_FFPE_Mouse_Brain.SPATIAL_RNA_COUNTER_CS.SPATIAL_IMAGING_CS.DETECT_TISSUE
2023-06-14 18:23:32 [runtime] (run:local)       ID.Visium_FFPE_Mouse_Brain.SPATIAL_RNA_COUNTER_CS.SPATIAL_IMAGING_CS.DETECT_TISSUE.fork0.chnk0.main
2023-06-14 18:23:56 [runtime] (chunks_complete) ID.Visium_FFPE_Mouse_Brain.SPATIAL_RNA_COUNTER_CS.SPATIAL_IMAGING_CS.DETECT_TISSUE
2023-06-14 18:23:56 [runtime] (ready)           ID.Visium_FFPE_Mouse_Brain.SPATIAL_RNA_COUNTER_CS.SPATIAL_IMAGING_CS.OUTPUT_SPOTS_BARCODES
2023-06-14 18:23:56 [runtime] (run:local)       ID.Visium_FFPE_Mouse_Brain.SPATIAL_RNA_COUNTER_CS.SPATIAL_IMAGING_CS.OUTPUT_SPOTS_BARCODES.fork0.chnk0.main
2023-06-14 18:23:57 [runtime] (chunks_complete) ID.Visium_FFPE_Mouse_Brain.SPATIAL_RNA_COUNTER_CS.SPATIAL_IMAGING_CS.OUTPUT_SPOTS_BARCODES
2023-06-14 18:23:57 [runtime] (ready)           ID.Visium_FFPE_Mouse_Brain.SPATIAL_RNA_COUNTER_CS.SPATIAL_IMAGING_CS.CALCULATE_FLUORESCENCE_INTENSITY
2023-06-14 18:23:57 [runtime] (run:local)       ID.Visium_FFPE_Mouse_Brain.SPATIAL_RNA_COUNTER_CS.SPATIAL_IMAGING_CS.CALCULATE_FLUORESCENCE_INTENSITY.fork0.split
2023-06-14 18:23:57 [runtime] (ready)           ID.Visium_FFPE_Mouse_Brain.SPATIAL_RNA_COUNTER_CS.SPATIAL_RNA_COUNTER._BASIC_SPATIAL_RNA_COUNTER._MATRIX_COMPUTER.COMPUTE_CORRECTION_FACTOR
2023-06-14 18:23:57 [runtime] (run:local)       ID.Visium_FFPE_Mouse_Brain.SPATIAL_RNA_COUNTER_CS.SPATIAL_RNA_COUNTER._BASIC_SPATIAL_RNA_COUNTER._MATRIX_COMPUTER.COMPUTE_CORRECTION_FACTOR.fork0.chnk0.main
2023-06-14 18:23:59 [runtime] (chunks_complete) ID.Visium_FFPE_Mouse_Brain.SPATIAL_RNA_COUNTER_CS.SPATIAL_RNA_COUNTER._BASIC_SPATIAL_RNA_COUNTER._MATRIX_COMPUTER.COMPUTE_CORRECTION_FACTOR
2023-06-14 18:23:59 [runtime] (split_complete)  ID.Visium_FFPE_Mouse_Brain.SPATIAL_RNA_COUNTER_CS.SPATIAL_IMAGING_CS.CALCULATE_FLUORESCENCE_INTENSITY
2023-06-14 18:23:59 [runtime] (run:local)       ID.Visium_FFPE_Mouse_Brain.SPATIAL_RNA_COUNTER_CS.SPATIAL_IMAGING_CS.CALCULATE_FLUORESCENCE_INTENSITY.fork0.join
2023-06-14 18:24:00 [runtime] (join_complete)   ID.Visium_FFPE_Mouse_Brain.SPATIAL_RNA_COUNTER_CS.SPATIAL_IMAGING_CS.CALCULATE_FLUORESCENCE_INTENSITY
2023-06-14 18:27:50 [runtime] (chunks_complete) ID.Visium_FFPE_Mouse_Brain.SPATIAL_RNA_COUNTER_CS.SPATIAL_RNA_COUNTER._BASIC_SPATIAL_RNA_COUNTER._MATRIX_COMPUTER.MAKE_SHARD
2023-06-14 18:27:50 [runtime] (run:local)       ID.Visium_FFPE_Mouse_Brain.SPATIAL_RNA_COUNTER_CS.SPATIAL_RNA_COUNTER._BASIC_SPATIAL_RNA_COUNTER._MATRIX_COMPUTER.MAKE_SHARD.fork0.join
2023-06-14 18:27:51 [runtime] (join_complete)   ID.Visium_FFPE_Mouse_Brain.SPATIAL_RNA_COUNTER_CS.SPATIAL_RNA_COUNTER._BASIC_SPATIAL_RNA_COUNTER._MATRIX_COMPUTER.MAKE_SHARD
2023-06-14 18:27:51 [runtime] (ready)           ID.Visium_FFPE_Mouse_Brain.SPATIAL_RNA_COUNTER_CS.SPATIAL_RNA_COUNTER._BASIC_SPATIAL_RNA_COUNTER._MATRIX_COMPUTER.MAKE_HD_CORRECTION_MAP
2023-06-14 18:27:51 [runtime] (run:local)       ID.Visium_FFPE_Mouse_Brain.SPATIAL_RNA_COUNTER_CS.SPATIAL_RNA_COUNTER._BASIC_SPATIAL_RNA_COUNTER._MATRIX_COMPUTER.MAKE_HD_CORRECTION_MAP.fork0.split
2023-06-14 18:27:51 [runtime] (split_complete)  ID.Visium_FFPE_Mouse_Brain.SPATIAL_RNA_COUNTER_CS.SPATIAL_RNA_COUNTER._BASIC_SPATIAL_RNA_COUNTER._MATRIX_COMPUTER.MAKE_HD_CORRECTION_MAP
2023-06-14 18:27:51 [runtime] (run:local)       ID.Visium_FFPE_Mouse_Brain.SPATIAL_RNA_COUNTER_CS.SPATIAL_RNA_COUNTER._BASIC_SPATIAL_RNA_COUNTER._MATRIX_COMPUTER.MAKE_HD_CORRECTION_MAP.fork0.join
2023-06-14 18:27:51 [runtime] (join_complete)   ID.Visium_FFPE_Mouse_Brain.SPATIAL_RNA_COUNTER_CS.SPATIAL_RNA_COUNTER._BASIC_SPATIAL_RNA_COUNTER._MATRIX_COMPUTER.MAKE_HD_CORRECTION_MAP
2023-06-14 18:27:51 [runtime] (ready)           ID.Visium_FFPE_Mouse_Brain.SPATIAL_RNA_COUNTER_CS.SPATIAL_RNA_COUNTER._BASIC_SPATIAL_RNA_COUNTER._MATRIX_COMPUTER.BARCODE_CORRECTION
2023-06-14 18:27:51 [runtime] (run:local)       ID.Visium_FFPE_Mouse_Brain.SPATIAL_RNA_COUNTER_CS.SPATIAL_RNA_COUNTER._BASIC_SPATIAL_RNA_COUNTER._MATRIX_COMPUTER.BARCODE_CORRECTION.fork0.split
2023-06-14 18:27:51 [runtime] (split_complete)  ID.Visium_FFPE_Mouse_Brain.SPATIAL_RNA_COUNTER_CS.SPATIAL_RNA_COUNTER._BASIC_SPATIAL_RNA_COUNTER._MATRIX_COMPUTER.BARCODE_CORRECTION
2023-06-14 18:27:51 [runtime] (run:local)       ID.Visium_FFPE_Mouse_Brain.SPATIAL_RNA_COUNTER_CS.SPATIAL_RNA_COUNTER._BASIC_SPATIAL_RNA_COUNTER._MATRIX_COMPUTER.BARCODE_CORRECTION.fork0.chnk0.main
2023-06-14 18:27:51 [runtime] (run:local)       ID.Visium_FFPE_Mouse_Brain.SPATIAL_RNA_COUNTER_CS.SPATIAL_RNA_COUNTER._BASIC_SPATIAL_RNA_COUNTER._MATRIX_COMPUTER.BARCODE_CORRECTION.fork0.chnk1.main
2023-06-14 18:27:51 [runtime] (run:local)       ID.Visium_FFPE_Mouse_Brain.SPATIAL_RNA_COUNTER_CS.SPATIAL_RNA_COUNTER._BASIC_SPATIAL_RNA_COUNTER._MATRIX_COMPUTER.BARCODE_CORRECTION.fork0.chnk2.main
2023-06-14 18:27:51 [runtime] (run:local)       ID.Visium_FFPE_Mouse_Brain.SPATIAL_RNA_COUNTER_CS.SPATIAL_RNA_COUNTER._BASIC_SPATIAL_RNA_COUNTER._MATRIX_COMPUTER.BARCODE_CORRECTION.fork0.chnk3.main
2023-06-14 18:28:02 [runtime] (chunks_complete) ID.Visium_FFPE_Mouse_Brain.SPATIAL_RNA_COUNTER_CS.SPATIAL_RNA_COUNTER._BASIC_SPATIAL_RNA_COUNTER._MATRIX_COMPUTER.BARCODE_CORRECTION
2023-06-14 18:28:02 [runtime] (run:local)       ID.Visium_FFPE_Mouse_Brain.SPATIAL_RNA_COUNTER_CS.SPATIAL_RNA_COUNTER._BASIC_SPATIAL_RNA_COUNTER._MATRIX_COMPUTER.BARCODE_CORRECTION.fork0.join
2023-06-14 18:28:02 [runtime] (join_complete)   ID.Visium_FFPE_Mouse_Brain.SPATIAL_RNA_COUNTER_CS.SPATIAL_RNA_COUNTER._BASIC_SPATIAL_RNA_COUNTER._MATRIX_COMPUTER.BARCODE_CORRECTION
2023-06-14 18:28:03 [runtime] (ready)           ID.Visium_FFPE_Mouse_Brain.SPATIAL_RNA_COUNTER_CS.SPATIAL_RNA_COUNTER._BASIC_SPATIAL_RNA_COUNTER._MATRIX_COMPUTER._SLFE_PARTIAL_FIRST_PASS.SUBSAMPLE_BARCODES
2023-06-14 18:28:03 [runtime] (ready)           ID.Visium_FFPE_Mouse_Brain.SPATIAL_RNA_COUNTER_CS.SPATIAL_RNA_COUNTER._BASIC_SPATIAL_RNA_COUNTER._MATRIX_COMPUTER._SLFE_PARTIAL_FIRST_PASS.INITIAL_ALIGN_AND_COUNT
2023-06-14 18:28:03 [runtime] (ready)           ID.Visium_FFPE_Mouse_Brain.SPATIAL_RNA_COUNTER_CS.SPATIAL_RNA_COUNTER._BASIC_SPATIAL_RNA_COUNTER._MATRIX_COMPUTER.SET_ALIGNER_SUBSAMPLE_RATE
2023-06-14 18:28:03 [runtime] (run:local)       ID.Visium_FFPE_Mouse_Brain.SPATIAL_RNA_COUNTER_CS.SPATIAL_RNA_COUNTER._BASIC_SPATIAL_RNA_COUNTER._MATRIX_COMPUTER.SET_ALIGNER_SUBSAMPLE_RATE.fork0.chnk0.main
2023-06-14 18:28:03 [runtime] (ready)           ID.Visium_FFPE_Mouse_Brain.SPATIAL_RNA_COUNTER_CS.SPATIAL_RNA_COUNTER._BASIC_SPATIAL_RNA_COUNTER._MATRIX_COMPUTER.WRITE_BARCODE_INDEX
2023-06-14 18:28:03 [runtime] (run:local)       ID.Visium_FFPE_Mouse_Brain.SPATIAL_RNA_COUNTER_CS.SPATIAL_RNA_COUNTER._BASIC_SPATIAL_RNA_COUNTER._MATRIX_COMPUTER.WRITE_BARCODE_INDEX.fork0.chnk0.main
2023-06-14 18:28:03 [runtime] (ready)           ID.Visium_FFPE_Mouse_Brain.SPATIAL_RNA_COUNTER_CS.SPATIAL_RNA_COUNTER._BASIC_SPATIAL_RNA_COUNTER._MATRIX_COMPUTER._SLFE_PARTIAL_FIRST_PASS.SET_TARGETED_UMI_FILTER
2023-06-14 18:28:03 [runtime] (chunks_complete) ID.Visium_FFPE_Mouse_Brain.SPATIAL_RNA_COUNTER_CS.SPATIAL_RNA_COUNTER._BASIC_SPATIAL_RNA_COUNTER._MATRIX_COMPUTER.SET_ALIGNER_SUBSAMPLE_RATE
2023-06-14 18:28:03 [runtime] (ready)           ID.Visium_FFPE_Mouse_Brain.SPATIAL_RNA_COUNTER_CS.SPATIAL_RNA_COUNTER._BASIC_SPATIAL_RNA_COUNTER._MATRIX_COMPUTER.ALIGN_AND_COUNT
2023-06-14 18:28:03 [runtime] (run:local)       ID.Visium_FFPE_Mouse_Brain.SPATIAL_RNA_COUNTER_CS.SPATIAL_RNA_COUNTER._BASIC_SPATIAL_RNA_COUNTER._MATRIX_COMPUTER.ALIGN_AND_COUNT.fork0.split
2023-06-14 18:28:03 [runtime] (split_complete)  ID.Visium_FFPE_Mouse_Brain.SPATIAL_RNA_COUNTER_CS.SPATIAL_RNA_COUNTER._BASIC_SPATIAL_RNA_COUNTER._MATRIX_COMPUTER.ALIGN_AND_COUNT
2023-06-14 18:28:03 [runtime] (run:local)       ID.Visium_FFPE_Mouse_Brain.SPATIAL_RNA_COUNTER_CS.SPATIAL_RNA_COUNTER._BASIC_SPATIAL_RNA_COUNTER._MATRIX_COMPUTER.ALIGN_AND_COUNT.fork0.chnk0.main
2023-06-14 18:28:03 [runtime] (run:local)       ID.Visium_FFPE_Mouse_Brain.SPATIAL_RNA_COUNTER_CS.SPATIAL_RNA_COUNTER._BASIC_SPATIAL_RNA_COUNTER._MATRIX_COMPUTER.ALIGN_AND_COUNT.fork0.chnk1.main
2023-06-14 18:28:03 [runtime] (run:local)       ID.Visium_FFPE_Mouse_Brain.SPATIAL_RNA_COUNTER_CS.SPATIAL_RNA_COUNTER._BASIC_SPATIAL_RNA_COUNTER._MATRIX_COMPUTER.ALIGN_AND_COUNT.fork0.chnk2.main
2023-06-14 18:28:03 [runtime] (run:local)       ID.Visium_FFPE_Mouse_Brain.SPATIAL_RNA_COUNTER_CS.SPATIAL_RNA_COUNTER._BASIC_SPATIAL_RNA_COUNTER._MATRIX_COMPUTER.ALIGN_AND_COUNT.fork0.chnk3.main
2023-06-14 18:28:04 [runtime] (chunks_complete) ID.Visium_FFPE_Mouse_Brain.SPATIAL_RNA_COUNTER_CS.SPATIAL_RNA_COUNTER._BASIC_SPATIAL_RNA_COUNTER._MATRIX_COMPUTER.WRITE_BARCODE_INDEX
2023-06-14 18:29:01 [runtime] (update)          ID.Visium_FFPE_Mouse_Brain.SPATIAL_RNA_COUNTER_CS.CLOUPE_TILE_IMAGES.fork0 join_running
2023-06-14 18:34:05 [runtime] (update)          ID.Visium_FFPE_Mouse_Brain.SPATIAL_RNA_COUNTER_CS.SPATIAL_RNA_COUNTER._BASIC_SPATIAL_RNA_COUNTER._MATRIX_COMPUTER.ALIGN_AND_COUNT.fork0 chunks running (0/4 completed)
2023-06-14 18:35:03 [runtime] (update)          ID.Visium_FFPE_Mouse_Brain.SPATIAL_RNA_COUNTER_CS.CLOUPE_TILE_IMAGES.fork0 join_running
2023-06-14 18:37:29 [runtime] (chunks_complete) ID.Visium_FFPE_Mouse_Brain.SPATIAL_RNA_COUNTER_CS.SPATIAL_RNA_COUNTER._BASIC_SPATIAL_RNA_COUNTER._MATRIX_COMPUTER.ALIGN_AND_COUNT
2023-06-14 18:37:29 [runtime] (run:local)       ID.Visium_FFPE_Mouse_Brain.SPATIAL_RNA_COUNTER_CS.SPATIAL_RNA_COUNTER._BASIC_SPATIAL_RNA_COUNTER._MATRIX_COMPUTER.ALIGN_AND_COUNT.fork0.join
2023-06-14 18:37:30 [runtime] (join_complete)   ID.Visium_FFPE_Mouse_Brain.SPATIAL_RNA_COUNTER_CS.SPATIAL_RNA_COUNTER._BASIC_SPATIAL_RNA_COUNTER._MATRIX_COMPUTER.ALIGN_AND_COUNT
2023-06-14 18:37:31 [runtime] (ready)           ID.Visium_FFPE_Mouse_Brain.SPATIAL_RNA_COUNTER_CS.SPATIAL_RNA_COUNTER._BASIC_SPATIAL_RNA_COUNTER._MATRIX_COMPUTER.COLLATE_METRICS
2023-06-14 18:37:31 [runtime] (run:local)       ID.Visium_FFPE_Mouse_Brain.SPATIAL_RNA_COUNTER_CS.SPATIAL_RNA_COUNTER._BASIC_SPATIAL_RNA_COUNTER._MATRIX_COMPUTER.COLLATE_METRICS.fork0.split
2023-06-14 18:37:31 [runtime] (ready)           ID.Visium_FFPE_Mouse_Brain.SPATIAL_RNA_COUNTER_CS.SPATIAL_RNA_COUNTER._BASIC_SPATIAL_RNA_COUNTER._MATRIX_COMPUTER.WRITE_H5_MATRIX
2023-06-14 18:37:31 [runtime] (run:local)       ID.Visium_FFPE_Mouse_Brain.SPATIAL_RNA_COUNTER_CS.SPATIAL_RNA_COUNTER._BASIC_SPATIAL_RNA_COUNTER._MATRIX_COMPUTER.WRITE_H5_MATRIX.fork0.chnk0.main
2023-06-14 18:37:31 [runtime] (ready)           ID.Visium_FFPE_Mouse_Brain.SPATIAL_RNA_COUNTER_CS.SPATIAL_RNA_COUNTER._BASIC_SPATIAL_RNA_COUNTER._MATRIX_COMPUTER.WRITE_MATRIX_MARKET
2023-06-14 18:37:32 [runtime] (run:local)       ID.Visium_FFPE_Mouse_Brain.SPATIAL_RNA_COUNTER_CS.SPATIAL_RNA_COUNTER._BASIC_SPATIAL_RNA_COUNTER._MATRIX_COMPUTER.WRITE_MATRIX_MARKET.fork0.chnk0.main
2023-06-14 18:37:32 [runtime] (ready)           ID.Visium_FFPE_Mouse_Brain.SPATIAL_RNA_COUNTER_CS.SPATIAL_RNA_COUNTER._BASIC_SPATIAL_RNA_COUNTER._MATRIX_COMPUTER.WRITE_BARCODE_SUMMARY
2023-06-14 18:37:32 [runtime] (run:local)       ID.Visium_FFPE_Mouse_Brain.SPATIAL_RNA_COUNTER_CS.SPATIAL_RNA_COUNTER._BASIC_SPATIAL_RNA_COUNTER._MATRIX_COMPUTER.WRITE_BARCODE_SUMMARY.fork0.chnk0.main
2023-06-14 18:37:32 [runtime] (split_complete)  ID.Visium_FFPE_Mouse_Brain.SPATIAL_RNA_COUNTER_CS.SPATIAL_RNA_COUNTER._BASIC_SPATIAL_RNA_COUNTER._MATRIX_COMPUTER.COLLATE_METRICS
2023-06-14 18:37:32 [runtime] (run:local)       ID.Visium_FFPE_Mouse_Brain.SPATIAL_RNA_COUNTER_CS.SPATIAL_RNA_COUNTER._BASIC_SPATIAL_RNA_COUNTER._MATRIX_COMPUTER.COLLATE_METRICS.fork0.chnk0.main
2023-06-14 18:37:32 [runtime] (chunks_complete) ID.Visium_FFPE_Mouse_Brain.SPATIAL_RNA_COUNTER_CS.SPATIAL_RNA_COUNTER._BASIC_SPATIAL_RNA_COUNTER._MATRIX_COMPUTER.COLLATE_METRICS
2023-06-14 18:37:32 [runtime] (run:local)       ID.Visium_FFPE_Mouse_Brain.SPATIAL_RNA_COUNTER_CS.SPATIAL_RNA_COUNTER._BASIC_SPATIAL_RNA_COUNTER._MATRIX_COMPUTER.COLLATE_METRICS.fork0.join
2023-06-14 18:37:33 [runtime] (join_complete)   ID.Visium_FFPE_Mouse_Brain.SPATIAL_RNA_COUNTER_CS.SPATIAL_RNA_COUNTER._BASIC_SPATIAL_RNA_COUNTER._MATRIX_COMPUTER.COLLATE_METRICS
2023-06-14 18:37:33 [runtime] (ready)           ID.Visium_FFPE_Mouse_Brain.SPATIAL_RNA_COUNTER_CS.SPATIAL_RNA_COUNTER._BASIC_SPATIAL_RNA_COUNTER._MATRIX_COMPUTER.MERGE_METRICS
2023-06-14 18:37:33 [runtime] (run:local)       ID.Visium_FFPE_Mouse_Brain.SPATIAL_RNA_COUNTER_CS.SPATIAL_RNA_COUNTER._BASIC_SPATIAL_RNA_COUNTER._MATRIX_COMPUTER.MERGE_METRICS.fork0.chnk0.main
2023-06-14 18:37:33 [runtime] (chunks_complete) ID.Visium_FFPE_Mouse_Brain.SPATIAL_RNA_COUNTER_CS.SPATIAL_RNA_COUNTER._BASIC_SPATIAL_RNA_COUNTER._MATRIX_COMPUTER.MERGE_METRICS
2023-06-14 18:37:56 [runtime] (chunks_complete) ID.Visium_FFPE_Mouse_Brain.SPATIAL_RNA_COUNTER_CS.SPATIAL_RNA_COUNTER._BASIC_SPATIAL_RNA_COUNTER._MATRIX_COMPUTER.WRITE_BARCODE_SUMMARY
2023-06-14 18:38:00 [runtime] (chunks_complete) ID.Visium_FFPE_Mouse_Brain.SPATIAL_RNA_COUNTER_CS.SPATIAL_RNA_COUNTER._BASIC_SPATIAL_RNA_COUNTER._MATRIX_COMPUTER.WRITE_MATRIX_MARKET
2023-06-14 18:38:00 [runtime] (chunks_complete) ID.Visium_FFPE_Mouse_Brain.SPATIAL_RNA_COUNTER_CS.SPATIAL_RNA_COUNTER._BASIC_SPATIAL_RNA_COUNTER._MATRIX_COMPUTER.WRITE_H5_MATRIX
2023-06-14 18:38:01 [runtime] (ready)           ID.Visium_FFPE_Mouse_Brain.SPATIAL_RNA_COUNTER_CS.SPATIAL_RNA_COUNTER._BASIC_SPATIAL_RNA_COUNTER.DISABLE_STAGES
2023-06-14 18:38:01 [runtime] (run:local)       ID.Visium_FFPE_Mouse_Brain.SPATIAL_RNA_COUNTER_CS.SPATIAL_RNA_COUNTER._BASIC_SPATIAL_RNA_COUNTER.DISABLE_STAGES.fork0.chnk0.main
2023-06-14 18:38:01 [runtime] (ready)           ID.Visium_FFPE_Mouse_Brain.SPATIAL_RNA_COUNTER_CS.SPATIAL_RNA_COUNTER._BASIC_SPATIAL_RNA_COUNTER.FILTER_BARCODES
2023-06-14 18:38:01 [runtime] (run:local)       ID.Visium_FFPE_Mouse_Brain.SPATIAL_RNA_COUNTER_CS.SPATIAL_RNA_COUNTER._BASIC_SPATIAL_RNA_COUNTER.FILTER_BARCODES.fork0.split
2023-06-14 18:38:19 [runtime] (chunks_complete) ID.Visium_FFPE_Mouse_Brain.SPATIAL_RNA_COUNTER_CS.SPATIAL_RNA_COUNTER._BASIC_SPATIAL_RNA_COUNTER.DISABLE_STAGES
2023-06-14 18:38:19 [runtime] (ready)           ID.Visium_FFPE_Mouse_Brain.SPATIAL_RNA_COUNTER_CS.SPATIAL_RNA_COUNTER._BASIC_SPATIAL_RNA_COUNTER.WRITE_POS_BAM
2023-06-14 18:38:19 [runtime] (run:local)       ID.Visium_FFPE_Mouse_Brain.SPATIAL_RNA_COUNTER_CS.SPATIAL_RNA_COUNTER._BASIC_SPATIAL_RNA_COUNTER.WRITE_POS_BAM.fork0.split
2023-06-14 18:38:19 [runtime] (ready)           ID.Visium_FFPE_Mouse_Brain.SPATIAL_RNA_COUNTER_CS.SPATIAL_RNA_COUNTER._BASIC_SPATIAL_RNA_COUNTER._ASSIGN_TAGS.MULTIPLEXING_METHOD
2023-06-14 18:38:20 [runtime] (split_complete)  ID.Visium_FFPE_Mouse_Brain.SPATIAL_RNA_COUNTER_CS.SPATIAL_RNA_COUNTER._BASIC_SPATIAL_RNA_COUNTER.WRITE_POS_BAM
2023-06-14 18:38:20 [runtime] (run:local)       ID.Visium_FFPE_Mouse_Brain.SPATIAL_RNA_COUNTER_CS.SPATIAL_RNA_COUNTER._BASIC_SPATIAL_RNA_COUNTER.WRITE_POS_BAM.fork0.chnk0.main
2023-06-14 18:38:20 [runtime] (run:local)       ID.Visium_FFPE_Mouse_Brain.SPATIAL_RNA_COUNTER_CS.SPATIAL_RNA_COUNTER._BASIC_SPATIAL_RNA_COUNTER.WRITE_POS_BAM.fork0.chnk1.main
2023-06-14 18:38:20 [runtime] (run:local)       ID.Visium_FFPE_Mouse_Brain.SPATIAL_RNA_COUNTER_CS.SPATIAL_RNA_COUNTER._BASIC_SPATIAL_RNA_COUNTER.WRITE_POS_BAM.fork0.chnk2.main
2023-06-14 18:38:20 [runtime] (run:local)       ID.Visium_FFPE_Mouse_Brain.SPATIAL_RNA_COUNTER_CS.SPATIAL_RNA_COUNTER._BASIC_SPATIAL_RNA_COUNTER.WRITE_POS_BAM.fork0.chnk3.main
2023-06-14 18:38:27 [runtime] (split_complete)  ID.Visium_FFPE_Mouse_Brain.SPATIAL_RNA_COUNTER_CS.SPATIAL_RNA_COUNTER._BASIC_SPATIAL_RNA_COUNTER.FILTER_BARCODES
2023-06-14 18:38:27 [runtime] (run:local)       ID.Visium_FFPE_Mouse_Brain.SPATIAL_RNA_COUNTER_CS.SPATIAL_RNA_COUNTER._BASIC_SPATIAL_RNA_COUNTER.FILTER_BARCODES.fork0.chnk0.main
2023-06-14 18:38:32 [runtime] (chunks_complete) ID.Visium_FFPE_Mouse_Brain.SPATIAL_RNA_COUNTER_CS.SPATIAL_RNA_COUNTER._BASIC_SPATIAL_RNA_COUNTER.FILTER_BARCODES
2023-06-14 18:38:32 [runtime] (run:local)       ID.Visium_FFPE_Mouse_Brain.SPATIAL_RNA_COUNTER_CS.SPATIAL_RNA_COUNTER._BASIC_SPATIAL_RNA_COUNTER.FILTER_BARCODES.fork0.join
2023-06-14 18:38:58 [runtime] (join_complete)   ID.Visium_FFPE_Mouse_Brain.SPATIAL_RNA_COUNTER_CS.SPATIAL_RNA_COUNTER._BASIC_SPATIAL_RNA_COUNTER.FILTER_BARCODES
2023-06-14 18:38:58 [runtime] (ready)           ID.Visium_FFPE_Mouse_Brain.SPATIAL_RNA_COUNTER_CS.SPATIAL_RNA_COUNTER.RUN_SPATIAL_ENRICHMENT
2023-06-14 18:38:58 [runtime] (run:local)       ID.Visium_FFPE_Mouse_Brain.SPATIAL_RNA_COUNTER_CS.SPATIAL_RNA_COUNTER.RUN_SPATIAL_ENRICHMENT.fork0.split
2023-06-14 18:38:58 [runtime] (ready)           ID.Visium_FFPE_Mouse_Brain.SPATIAL_RNA_COUNTER_CS.SPATIAL_RNA_COUNTER._BASIC_SPATIAL_RNA_COUNTER.COLLATE_PROBE_METRICS
2023-06-14 18:38:58 [runtime] (run:local)       ID.Visium_FFPE_Mouse_Brain.SPATIAL_RNA_COUNTER_CS.SPATIAL_RNA_COUNTER._BASIC_SPATIAL_RNA_COUNTER.COLLATE_PROBE_METRICS.fork0.chnk0.main
2023-06-14 18:38:58 [runtime] (ready)           ID.Visium_FFPE_Mouse_Brain.SPATIAL_RNA_COUNTER_CS.SPATIAL_RNA_COUNTER._BASIC_SPATIAL_RNA_COUNTER.INFER_GEM_WELL_THROUGHPUT
2023-06-14 18:38:59 [runtime] (ready)           ID.Visium_FFPE_Mouse_Brain.SPATIAL_RNA_COUNTER_CS.SPATIAL_RNA_COUNTER._BASIC_SPATIAL_RNA_COUNTER._ASSIGN_TAGS.CALL_TAGS_MARGINAL
2023-06-14 18:38:59 [runtime] (ready)           ID.Visium_FFPE_Mouse_Brain.SPATIAL_RNA_COUNTER_CS.SPATIAL_RNA_COUNTER.ANTIBODY_QC_PLOTS
2023-06-14 18:38:59 [runtime] (ready)           ID.Visium_FFPE_Mouse_Brain.SPATIAL_RNA_COUNTER_CS.SPATIAL_RNA_COUNTER._BASIC_SPATIAL_RNA_COUNTER._ASSIGN_TAGS.CALL_TAGS_RTL
2023-06-14 18:38:59 [runtime] (ready)           ID.Visium_FFPE_Mouse_Brain.SPATIAL_RNA_COUNTER_CS.SPATIAL_RNA_COUNTER._BASIC_SPATIAL_RNA_COUNTER.CHECK_CORRECTION_FACTOR
2023-06-14 18:38:59 [runtime] (run:local)       ID.Visium_FFPE_Mouse_Brain.SPATIAL_RNA_COUNTER_CS.SPATIAL_RNA_COUNTER._BASIC_SPATIAL_RNA_COUNTER.CHECK_CORRECTION_FACTOR.fork0.chnk0.main
2023-06-14 18:39:00 [runtime] (chunks_complete) ID.Visium_FFPE_Mouse_Brain.SPATIAL_RNA_COUNTER_CS.SPATIAL_RNA_COUNTER._BASIC_SPATIAL_RNA_COUNTER.CHECK_CORRECTION_FACTOR
2023-06-14 18:39:20 [runtime] (split_complete)  ID.Visium_FFPE_Mouse_Brain.SPATIAL_RNA_COUNTER_CS.SPATIAL_RNA_COUNTER.RUN_SPATIAL_ENRICHMENT
2023-06-14 18:39:20 [runtime] (run:local)       ID.Visium_FFPE_Mouse_Brain.SPATIAL_RNA_COUNTER_CS.SPATIAL_RNA_COUNTER.RUN_SPATIAL_ENRICHMENT.fork0.chnk00.main
2023-06-14 18:39:20 [runtime] (run:local)       ID.Visium_FFPE_Mouse_Brain.SPATIAL_RNA_COUNTER_CS.SPATIAL_RNA_COUNTER.RUN_SPATIAL_ENRICHMENT.fork0.chnk01.main
2023-06-14 18:39:20 [runtime] (run:local)       ID.Visium_FFPE_Mouse_Brain.SPATIAL_RNA_COUNTER_CS.SPATIAL_RNA_COUNTER.RUN_SPATIAL_ENRICHMENT.fork0.chnk02.main
2023-06-14 18:39:20 [runtime] (run:local)       ID.Visium_FFPE_Mouse_Brain.SPATIAL_RNA_COUNTER_CS.SPATIAL_RNA_COUNTER.RUN_SPATIAL_ENRICHMENT.fork0.chnk03.main
2023-06-14 18:39:20 [runtime] (run:local)       ID.Visium_FFPE_Mouse_Brain.SPATIAL_RNA_COUNTER_CS.SPATIAL_RNA_COUNTER.RUN_SPATIAL_ENRICHMENT.fork0.chnk04.main
2023-06-14 18:39:20 [runtime] (run:local)       ID.Visium_FFPE_Mouse_Brain.SPATIAL_RNA_COUNTER_CS.SPATIAL_RNA_COUNTER.RUN_SPATIAL_ENRICHMENT.fork0.chnk05.main
2023-06-14 18:39:20 [runtime] (run:local)       ID.Visium_FFPE_Mouse_Brain.SPATIAL_RNA_COUNTER_CS.SPATIAL_RNA_COUNTER.RUN_SPATIAL_ENRICHMENT.fork0.chnk06.main
2023-06-14 18:39:20 [runtime] (run:local)       ID.Visium_FFPE_Mouse_Brain.SPATIAL_RNA_COUNTER_CS.SPATIAL_RNA_COUNTER.RUN_SPATIAL_ENRICHMENT.fork0.chnk07.main
2023-06-14 18:39:20 [runtime] (run:local)       ID.Visium_FFPE_Mouse_Brain.SPATIAL_RNA_COUNTER_CS.SPATIAL_RNA_COUNTER.RUN_SPATIAL_ENRICHMENT.fork0.chnk08.main
2023-06-14 18:39:20 [runtime] (run:local)       ID.Visium_FFPE_Mouse_Brain.SPATIAL_RNA_COUNTER_CS.SPATIAL_RNA_COUNTER.RUN_SPATIAL_ENRICHMENT.fork0.chnk09.main
2023-06-14 18:39:31 [runtime] (chunks_complete) ID.Visium_FFPE_Mouse_Brain.SPATIAL_RNA_COUNTER_CS.SPATIAL_RNA_COUNTER.RUN_SPATIAL_ENRICHMENT
2023-06-14 18:39:31 [runtime] (run:local)       ID.Visium_FFPE_Mouse_Brain.SPATIAL_RNA_COUNTER_CS.SPATIAL_RNA_COUNTER.RUN_SPATIAL_ENRICHMENT.fork0.join
2023-06-14 18:39:37 [runtime] (join_complete)   ID.Visium_FFPE_Mouse_Brain.SPATIAL_RNA_COUNTER_CS.SPATIAL_RNA_COUNTER.RUN_SPATIAL_ENRICHMENT
2023-06-14 18:40:37 [runtime] (chunks_complete) ID.Visium_FFPE_Mouse_Brain.SPATIAL_RNA_COUNTER_CS.SPATIAL_RNA_COUNTER._BASIC_SPATIAL_RNA_COUNTER.COLLATE_PROBE_METRICS
2023-06-14 18:40:37 [runtime] (ready)           ID.Visium_FFPE_Mouse_Brain.SPATIAL_RNA_COUNTER_CS.SPATIAL_RNA_COUNTER._BASIC_SPATIAL_RNA_COUNTER._CELLS_REPORTER.WRITE_MOLECULE_INFO
2023-06-14 18:40:37 [runtime] (run:local)       ID.Visium_FFPE_Mouse_Brain.SPATIAL_RNA_COUNTER_CS.SPATIAL_RNA_COUNTER._BASIC_SPATIAL_RNA_COUNTER._CELLS_REPORTER.WRITE_MOLECULE_INFO.fork0.split
2023-06-14 18:40:42 [runtime] (split_complete)  ID.Visium_FFPE_Mouse_Brain.SPATIAL_RNA_COUNTER_CS.SPATIAL_RNA_COUNTER._BASIC_SPATIAL_RNA_COUNTER._CELLS_REPORTER.WRITE_MOLECULE_INFO
2023-06-14 18:40:42 [runtime] (run:local)       ID.Visium_FFPE_Mouse_Brain.SPATIAL_RNA_COUNTER_CS.SPATIAL_RNA_COUNTER._BASIC_SPATIAL_RNA_COUNTER._CELLS_REPORTER.WRITE_MOLECULE_INFO.fork0.join
2023-06-14 18:41:03 [runtime] (update)          ID.Visium_FFPE_Mouse_Brain.SPATIAL_RNA_COUNTER_CS.CLOUPE_TILE_IMAGES.fork0 join_running
2023-06-14 18:41:14 [runtime] (join_complete)   ID.Visium_FFPE_Mouse_Brain.SPATIAL_RNA_COUNTER_CS.CLOUPE_TILE_IMAGES
2023-06-14 18:42:45 [runtime] (join_complete)   ID.Visium_FFPE_Mouse_Brain.SPATIAL_RNA_COUNTER_CS.SPATIAL_RNA_COUNTER._BASIC_SPATIAL_RNA_COUNTER._CELLS_REPORTER.WRITE_MOLECULE_INFO
2023-06-14 18:42:45 [runtime] (ready)           ID.Visium_FFPE_Mouse_Brain.SPATIAL_RNA_COUNTER_CS.SPATIAL_RNA_COUNTER.DISABLE_SECONDARY_ANALYSIS
2023-06-14 18:42:45 [runtime] (run:local)       ID.Visium_FFPE_Mouse_Brain.SPATIAL_RNA_COUNTER_CS.SPATIAL_RNA_COUNTER.DISABLE_SECONDARY_ANALYSIS.fork0.chnk0.main
2023-06-14 18:42:45 [runtime] (ready)           ID.Visium_FFPE_Mouse_Brain.SPATIAL_RNA_COUNTER_CS.SPATIAL_RNA_COUNTER._BASIC_SPATIAL_RNA_COUNTER._ASSIGN_TAGS.CALL_TAGS_JIBES
2023-06-14 18:42:46 [runtime] (ready)           ID.Visium_FFPE_Mouse_Brain.SPATIAL_RNA_COUNTER_CS.SPATIAL_RNA_COUNTER._TARGETED_ANALYZER._RUN_GDNA_ANALYSIS.GET_GDNA_METRICS
2023-06-14 18:42:46 [runtime] (ready)           ID.Visium_FFPE_Mouse_Brain.SPATIAL_RNA_COUNTER_CS.SPATIAL_RNA_COUNTER._BASIC_SPATIAL_RNA_COUNTER._CELLS_REPORTER.SUBSAMPLE_READS
2023-06-14 18:42:46 [runtime] (run:local)       ID.Visium_FFPE_Mouse_Brain.SPATIAL_RNA_COUNTER_CS.SPATIAL_RNA_COUNTER._BASIC_SPATIAL_RNA_COUNTER._CELLS_REPORTER.SUBSAMPLE_READS.fork0.split
2023-06-14 18:42:46 [runtime] (ready)           ID.Visium_FFPE_Mouse_Brain.SPATIAL_RNA_COUNTER_CS.SPATIAL_RNA_COUNTER._TARGETED_ANALYZER.SUBSAMPLE_ON_TARGET_READS
2023-06-14 18:42:46 [runtime] (run:local)       ID.Visium_FFPE_Mouse_Brain.SPATIAL_RNA_COUNTER_CS.SPATIAL_RNA_COUNTER._TARGETED_ANALYZER.SUBSAMPLE_ON_TARGET_READS.fork0.split
2023-06-14 18:42:46 [runtime] (ready)           ID.Visium_FFPE_Mouse_Brain.SPATIAL_RNA_COUNTER_CS.SPATIAL_RNA_COUNTER._TARGETED_ANALYZER.SUBSAMPLE_OFF_TARGET_READS
2023-06-14 18:42:46 [runtime] (run:local)       ID.Visium_FFPE_Mouse_Brain.SPATIAL_RNA_COUNTER_CS.SPATIAL_RNA_COUNTER._TARGETED_ANALYZER.SUBSAMPLE_OFF_TARGET_READS.fork0.split
2023-06-14 18:42:46 [runtime] (ready)           ID.Visium_FFPE_Mouse_Brain.SPATIAL_RNA_COUNTER_CS.SPATIAL_RNA_COUNTER._BASIC_SPATIAL_RNA_COUNTER._ASSIGN_TAGS.DETERMINE_SAMPLE_ASSIGNMENTS
2023-06-14 18:42:46 [runtime] (ready)           ID.Visium_FFPE_Mouse_Brain.SPATIAL_RNA_COUNTER_CS.SPATIAL_RNA_COUNTER._TARGETED_ANALYZER._RUN_GDNA_ANALYSIS.GET_GDNA_PLOT
2023-06-14 18:42:46 [runtime] (ready)           ID.Visium_FFPE_Mouse_Brain.SPATIAL_RNA_COUNTER_CS.SPATIAL_RNA_COUNTER._BASIC_SPATIAL_RNA_COUNTER.MULTI_COLLATE_PER_SAMPLE_METRICS
2023-06-14 18:42:46 [runtime] (ready)           ID.Visium_FFPE_Mouse_Brain.SPATIAL_RNA_COUNTER_CS.SPATIAL_RNA_COUNTER._BASIC_SPATIAL_RNA_COUNTER._ASSIGN_TAGS.COMPUTE_EXTRA_MULTIPLEXING_METRICS
2023-06-14 18:42:46 [runtime] (ready)           ID.Visium_FFPE_Mouse_Brain.SPATIAL_RNA_COUNTER_CS.SPATIAL_RNA_COUNTER._BASIC_SPATIAL_RNA_COUNTER.MULTI_WRITE_PER_SAMPLE_BAM
2023-06-14 18:42:46 [runtime] (ready)           ID.Visium_FFPE_Mouse_Brain.SPATIAL_RNA_COUNTER_CS.SPATIAL_RNA_COUNTER._TARGETED_ANALYZER._RUN_GDNA_ANALYSIS.MERGE_METRICS
2023-06-14 18:42:46 [runtime] (ready)           ID.Visium_FFPE_Mouse_Brain.SPATIAL_RNA_COUNTER_CS.SPATIAL_RNA_COUNTER._BASIC_SPATIAL_RNA_COUNTER.DEMUX_PROBE_BC_MATRIX
2023-06-14 18:42:46 [runtime] (ready)           ID.Visium_FFPE_Mouse_Brain.SPATIAL_RNA_COUNTER_CS.SPATIAL_RNA_COUNTER._BASIC_SPATIAL_RNA_COUNTER.MULTI_WRITE_PER_SAMPLE_MOLECULE_INFO
2023-06-14 18:42:46 [runtime] (ready)           ID.Visium_FFPE_Mouse_Brain.SPATIAL_RNA_COUNTER_CS.SPATIAL_RNA_COUNTER._BASIC_SPATIAL_RNA_COUNTER.MULTI_WRITE_PER_SAMPLE_MATRICES
2023-06-14 18:42:47 [runtime] (ready)           ID.Visium_FFPE_Mouse_Brain.SPATIAL_RNA_COUNTER_CS.SPATIAL_RNA_COUNTER._BASIC_SPATIAL_RNA_COUNTER._ASSIGN_TAGS.MERGE_METRICS
2023-06-14 18:42:59 [runtime] (chunks_complete) ID.Visium_FFPE_Mouse_Brain.SPATIAL_RNA_COUNTER_CS.SPATIAL_RNA_COUNTER.DISABLE_SECONDARY_ANALYSIS
2023-06-14 18:43:00 [runtime] (ready)           ID.Visium_FFPE_Mouse_Brain.SPATIAL_RNA_COUNTER_CS.SPATIAL_RNA_COUNTER.SPATIAL_RNA_ANALYZER.ANALYZER_PREFLIGHT
2023-06-14 18:43:00 [runtime] (run:local)       ID.Visium_FFPE_Mouse_Brain.SPATIAL_RNA_COUNTER_CS.SPATIAL_RNA_COUNTER.SPATIAL_RNA_ANALYZER.ANALYZER_PREFLIGHT.fork0.chnk0.main
2023-06-14 18:43:02 [runtime] (chunks_complete) ID.Visium_FFPE_Mouse_Brain.SPATIAL_RNA_COUNTER_CS.SPATIAL_RNA_COUNTER.SPATIAL_RNA_ANALYZER.ANALYZER_PREFLIGHT
2023-06-14 18:43:02 [runtime] (ready)           ID.Visium_FFPE_Mouse_Brain.SPATIAL_RNA_COUNTER_CS.SPATIAL_RNA_COUNTER.SPATIAL_RNA_ANALYZER.PREPROCESS_MATRIX
2023-06-14 18:43:02 [runtime] (run:local)       ID.Visium_FFPE_Mouse_Brain.SPATIAL_RNA_COUNTER_CS.SPATIAL_RNA_COUNTER.SPATIAL_RNA_ANALYZER.PREPROCESS_MATRIX.fork0.split
2023-06-14 18:43:06 [runtime] (split_complete)  ID.Visium_FFPE_Mouse_Brain.SPATIAL_RNA_COUNTER_CS.SPATIAL_RNA_COUNTER._TARGETED_ANALYZER.SUBSAMPLE_ON_TARGET_READS
2023-06-14 18:43:06 [runtime] (run:local)       ID.Visium_FFPE_Mouse_Brain.SPATIAL_RNA_COUNTER_CS.SPATIAL_RNA_COUNTER._TARGETED_ANALYZER.SUBSAMPLE_ON_TARGET_READS.fork0.chnk0.main
2023-06-14 18:43:06 [runtime] (run:local)       ID.Visium_FFPE_Mouse_Brain.SPATIAL_RNA_COUNTER_CS.SPATIAL_RNA_COUNTER._TARGETED_ANALYZER.SUBSAMPLE_ON_TARGET_READS.fork0.chnk1.main
2023-06-14 18:43:06 [runtime] (run:local)       ID.Visium_FFPE_Mouse_Brain.SPATIAL_RNA_COUNTER_CS.SPATIAL_RNA_COUNTER._TARGETED_ANALYZER.SUBSAMPLE_ON_TARGET_READS.fork0.chnk2.main
2023-06-14 18:43:06 [runtime] (run:local)       ID.Visium_FFPE_Mouse_Brain.SPATIAL_RNA_COUNTER_CS.SPATIAL_RNA_COUNTER._TARGETED_ANALYZER.SUBSAMPLE_ON_TARGET_READS.fork0.chnk3.main
2023-06-14 18:43:06 [runtime] (run:local)       ID.Visium_FFPE_Mouse_Brain.SPATIAL_RNA_COUNTER_CS.SPATIAL_RNA_COUNTER._TARGETED_ANALYZER.SUBSAMPLE_ON_TARGET_READS.fork0.chnk4.main
2023-06-14 18:43:06 [runtime] (split_complete)  ID.Visium_FFPE_Mouse_Brain.SPATIAL_RNA_COUNTER_CS.SPATIAL_RNA_COUNTER._TARGETED_ANALYZER.SUBSAMPLE_OFF_TARGET_READS
2023-06-14 18:43:06 [runtime] (run:local)       ID.Visium_FFPE_Mouse_Brain.SPATIAL_RNA_COUNTER_CS.SPATIAL_RNA_COUNTER._TARGETED_ANALYZER.SUBSAMPLE_OFF_TARGET_READS.fork0.chnk0.main
2023-06-14 18:43:07 [runtime] (run:local)       ID.Visium_FFPE_Mouse_Brain.SPATIAL_RNA_COUNTER_CS.SPATIAL_RNA_COUNTER._TARGETED_ANALYZER.SUBSAMPLE_OFF_TARGET_READS.fork0.chnk1.main
2023-06-14 18:43:07 [runtime] (run:local)       ID.Visium_FFPE_Mouse_Brain.SPATIAL_RNA_COUNTER_CS.SPATIAL_RNA_COUNTER._TARGETED_ANALYZER.SUBSAMPLE_OFF_TARGET_READS.fork0.chnk2.main
2023-06-14 18:43:07 [runtime] (run:local)       ID.Visium_FFPE_Mouse_Brain.SPATIAL_RNA_COUNTER_CS.SPATIAL_RNA_COUNTER._TARGETED_ANALYZER.SUBSAMPLE_OFF_TARGET_READS.fork0.chnk3.main
2023-06-14 18:43:07 [runtime] (run:local)       ID.Visium_FFPE_Mouse_Brain.SPATIAL_RNA_COUNTER_CS.SPATIAL_RNA_COUNTER._TARGETED_ANALYZER.SUBSAMPLE_OFF_TARGET_READS.fork0.chnk4.main
2023-06-14 18:43:10 [runtime] (split_complete)  ID.Visium_FFPE_Mouse_Brain.SPATIAL_RNA_COUNTER_CS.SPATIAL_RNA_COUNTER._BASIC_SPATIAL_RNA_COUNTER._CELLS_REPORTER.SUBSAMPLE_READS
2023-06-14 18:43:10 [runtime] (run:local)       ID.Visium_FFPE_Mouse_Brain.SPATIAL_RNA_COUNTER_CS.SPATIAL_RNA_COUNTER._BASIC_SPATIAL_RNA_COUNTER._CELLS_REPORTER.SUBSAMPLE_READS.fork0.chnk0.main
2023-06-14 18:43:11 [runtime] (run:local)       ID.Visium_FFPE_Mouse_Brain.SPATIAL_RNA_COUNTER_CS.SPATIAL_RNA_COUNTER._BASIC_SPATIAL_RNA_COUNTER._CELLS_REPORTER.SUBSAMPLE_READS.fork0.chnk1.main
2023-06-14 18:43:11 [runtime] (run:local)       ID.Visium_FFPE_Mouse_Brain.SPATIAL_RNA_COUNTER_CS.SPATIAL_RNA_COUNTER._BASIC_SPATIAL_RNA_COUNTER._CELLS_REPORTER.SUBSAMPLE_READS.fork0.chnk2.main
2023-06-14 18:43:11 [runtime] (run:local)       ID.Visium_FFPE_Mouse_Brain.SPATIAL_RNA_COUNTER_CS.SPATIAL_RNA_COUNTER._BASIC_SPATIAL_RNA_COUNTER._CELLS_REPORTER.SUBSAMPLE_READS.fork0.chnk3.main
2023-06-14 18:43:11 [runtime] (run:local)       ID.Visium_FFPE_Mouse_Brain.SPATIAL_RNA_COUNTER_CS.SPATIAL_RNA_COUNTER._BASIC_SPATIAL_RNA_COUNTER._CELLS_REPORTER.SUBSAMPLE_READS.fork0.chnk4.main
2023-06-14 18:43:11 [runtime] (split_complete)  ID.Visium_FFPE_Mouse_Brain.SPATIAL_RNA_COUNTER_CS.SPATIAL_RNA_COUNTER.SPATIAL_RNA_ANALYZER.PREPROCESS_MATRIX
2023-06-14 18:43:11 [runtime] (run:local)       ID.Visium_FFPE_Mouse_Brain.SPATIAL_RNA_COUNTER_CS.SPATIAL_RNA_COUNTER.SPATIAL_RNA_ANALYZER.PREPROCESS_MATRIX.fork0.join
2023-06-14 18:43:17 [runtime] (chunks_complete) ID.Visium_FFPE_Mouse_Brain.SPATIAL_RNA_COUNTER_CS.SPATIAL_RNA_COUNTER._TARGETED_ANALYZER.SUBSAMPLE_OFF_TARGET_READS
2023-06-14 18:43:17 [runtime] (run:local)       ID.Visium_FFPE_Mouse_Brain.SPATIAL_RNA_COUNTER_CS.SPATIAL_RNA_COUNTER._TARGETED_ANALYZER.SUBSAMPLE_OFF_TARGET_READS.fork0.join
2023-06-14 18:43:20 [runtime] (join_complete)   ID.Visium_FFPE_Mouse_Brain.SPATIAL_RNA_COUNTER_CS.SPATIAL_RNA_COUNTER._TARGETED_ANALYZER.SUBSAMPLE_OFF_TARGET_READS
2023-06-14 18:43:22 [runtime] (join_complete)   ID.Visium_FFPE_Mouse_Brain.SPATIAL_RNA_COUNTER_CS.SPATIAL_RNA_COUNTER.SPATIAL_RNA_ANALYZER.PREPROCESS_MATRIX
2023-06-14 18:43:22 [runtime] (ready)           ID.Visium_FFPE_Mouse_Brain.SPATIAL_RNA_COUNTER_CS.SPATIAL_RNA_COUNTER.SPATIAL_RNA_ANALYZER._ANTIBODY_ANALYZER.SUMMARIZE_ANTIBODY_ANALYSIS
2023-06-14 18:43:22 [runtime] (ready)           ID.Visium_FFPE_Mouse_Brain.SPATIAL_RNA_COUNTER_CS.SPATIAL_RNA_COUNTER.SPATIAL_RNA_ANALYZER.RUN_BATCH_CORRECTION_PCA.PCA_PREP
2023-06-14 18:43:22 [runtime] (ready)           ID.Visium_FFPE_Mouse_Brain.SPATIAL_RNA_COUNTER_CS.SPATIAL_RNA_COUNTER.SPATIAL_RNA_ANALYZER.RUN_MULTIGENOME_ANALYSIS
2023-06-14 18:43:22 [runtime] (ready)           ID.Visium_FFPE_Mouse_Brain.SPATIAL_RNA_COUNTER_CS.SPATIAL_RNA_COUNTER.SPATIAL_RNA_ANALYZER._ANTIBODY_ANALYZER.CALL_ANTIBODIES
2023-06-14 18:43:22 [runtime] (ready)           ID.Visium_FFPE_Mouse_Brain.SPATIAL_RNA_COUNTER_CS.SPATIAL_RNA_COUNTER.SPATIAL_RNA_ANALYZER._ANTIGEN_ANALYZER.CALL_ANTIBODIES
2023-06-14 18:43:22 [runtime] (ready)           ID.Visium_FFPE_Mouse_Brain.SPATIAL_RNA_COUNTER_CS.SPATIAL_RNA_COUNTER.SPATIAL_RNA_ANALYZER._ANTIGEN_ANALYZER.SUMMARIZE_ANTIBODY_ANALYSIS
2023-06-14 18:43:23 [runtime] (ready)           ID.Visium_FFPE_Mouse_Brain.SPATIAL_RNA_COUNTER_CS.SPATIAL_RNA_COUNTER.SPATIAL_RNA_ANALYZER.RUN_BATCH_CORRECTION_PCA.RUN_PCA2
2023-06-14 18:43:23 [runtime] (ready)           ID.Visium_FFPE_Mouse_Brain.SPATIAL_RNA_COUNTER_CS.SPATIAL_RNA_COUNTER.SPATIAL_RNA_ANALYZER.RUN_BATCH_CORRECTION_PCA.POST_PCA
2023-06-14 18:43:23 [runtime] (ready)           ID.Visium_FFPE_Mouse_Brain.SPATIAL_RNA_COUNTER_CS.SPATIAL_RNA_COUNTER.SPATIAL_RNA_ANALYZER.CORRECT_CHEMISTRY_BATCH
2023-06-14 18:43:23 [runtime] (ready)           ID.Visium_FFPE_Mouse_Brain.SPATIAL_RNA_COUNTER_CS.SPATIAL_RNA_COUNTER.SPATIAL_RNA_ANALYZER.RUN_PCA
2023-06-14 18:43:23 [runtime] (run:local)       ID.Visium_FFPE_Mouse_Brain.SPATIAL_RNA_COUNTER_CS.SPATIAL_RNA_COUNTER.SPATIAL_RNA_ANALYZER.RUN_PCA.fork0.split
2023-06-14 18:43:23 [runtime] (split_complete)  ID.Visium_FFPE_Mouse_Brain.SPATIAL_RNA_COUNTER_CS.SPATIAL_RNA_COUNTER.SPATIAL_RNA_ANALYZER.RUN_PCA
2023-06-14 18:43:23 [runtime] (run:local)       ID.Visium_FFPE_Mouse_Brain.SPATIAL_RNA_COUNTER_CS.SPATIAL_RNA_COUNTER.SPATIAL_RNA_ANALYZER.RUN_PCA.fork0.chnk0.main
2023-06-14 18:43:42 [runtime] (chunks_complete) ID.Visium_FFPE_Mouse_Brain.SPATIAL_RNA_COUNTER_CS.SPATIAL_RNA_COUNTER.SPATIAL_RNA_ANALYZER.RUN_PCA
2023-06-14 18:43:42 [runtime] (run:local)       ID.Visium_FFPE_Mouse_Brain.SPATIAL_RNA_COUNTER_CS.SPATIAL_RNA_COUNTER.SPATIAL_RNA_ANALYZER.RUN_PCA.fork0.join
2023-06-14 18:43:43 [runtime] (join_complete)   ID.Visium_FFPE_Mouse_Brain.SPATIAL_RNA_COUNTER_CS.SPATIAL_RNA_COUNTER.SPATIAL_RNA_ANALYZER.RUN_PCA
2023-06-14 18:43:43 [runtime] (ready)           ID.Visium_FFPE_Mouse_Brain.SPATIAL_RNA_COUNTER_CS.SPATIAL_RNA_COUNTER.SPATIAL_RNA_ANALYZER.RUN_KMEANS
2023-06-14 18:43:43 [runtime] (run:local)       ID.Visium_FFPE_Mouse_Brain.SPATIAL_RNA_COUNTER_CS.SPATIAL_RNA_COUNTER.SPATIAL_RNA_ANALYZER.RUN_KMEANS.fork0.split
2023-06-14 18:43:43 [runtime] (ready)           ID.Visium_FFPE_Mouse_Brain.SPATIAL_RNA_COUNTER_CS.SPATIAL_RNA_COUNTER.SPATIAL_RNA_ANALYZER.RUN_UMAP
2023-06-14 18:43:43 [runtime] (run:local)       ID.Visium_FFPE_Mouse_Brain.SPATIAL_RNA_COUNTER_CS.SPATIAL_RNA_COUNTER.SPATIAL_RNA_ANALYZER.RUN_UMAP.fork0.split
2023-06-14 18:43:43 [runtime] (ready)           ID.Visium_FFPE_Mouse_Brain.SPATIAL_RNA_COUNTER_CS.SPATIAL_RNA_COUNTER.SPATIAL_RNA_ANALYZER.RUN_TSNE
2023-06-14 18:43:43 [runtime] (run:local)       ID.Visium_FFPE_Mouse_Brain.SPATIAL_RNA_COUNTER_CS.SPATIAL_RNA_COUNTER.SPATIAL_RNA_ANALYZER.RUN_TSNE.fork0.split
2023-06-14 18:43:43 [runtime] (ready)           ID.Visium_FFPE_Mouse_Brain.SPATIAL_RNA_COUNTER_CS.SPATIAL_RNA_COUNTER.SPATIAL_RNA_ANALYZER.RUN_GRAPH_CLUSTERING
2023-06-14 18:43:43 [runtime] (run:local)       ID.Visium_FFPE_Mouse_Brain.SPATIAL_RNA_COUNTER_CS.SPATIAL_RNA_COUNTER.SPATIAL_RNA_ANALYZER.RUN_GRAPH_CLUSTERING.fork0.split
2023-06-14 18:43:44 [runtime] (split_complete)  ID.Visium_FFPE_Mouse_Brain.SPATIAL_RNA_COUNTER_CS.SPATIAL_RNA_COUNTER.SPATIAL_RNA_ANALYZER.RUN_UMAP
2023-06-14 18:43:44 [runtime] (run:local)       ID.Visium_FFPE_Mouse_Brain.SPATIAL_RNA_COUNTER_CS.SPATIAL_RNA_COUNTER.SPATIAL_RNA_ANALYZER.RUN_UMAP.fork0.chnk0.main
2023-06-14 18:43:44 [runtime] (split_complete)  ID.Visium_FFPE_Mouse_Brain.SPATIAL_RNA_COUNTER_CS.SPATIAL_RNA_COUNTER.SPATIAL_RNA_ANALYZER.RUN_TSNE
2023-06-14 18:43:44 [runtime] (run:local)       ID.Visium_FFPE_Mouse_Brain.SPATIAL_RNA_COUNTER_CS.SPATIAL_RNA_COUNTER.SPATIAL_RNA_ANALYZER.RUN_TSNE.fork0.chnk0.main
2023-06-14 18:43:44 [runtime] (split_complete)  ID.Visium_FFPE_Mouse_Brain.SPATIAL_RNA_COUNTER_CS.SPATIAL_RNA_COUNTER.SPATIAL_RNA_ANALYZER.RUN_GRAPH_CLUSTERING
2023-06-14 18:43:44 [runtime] (run:local)       ID.Visium_FFPE_Mouse_Brain.SPATIAL_RNA_COUNTER_CS.SPATIAL_RNA_COUNTER.SPATIAL_RNA_ANALYZER.RUN_GRAPH_CLUSTERING.fork0.chnk0.main
2023-06-14 18:43:49 [runtime] (chunks_complete) ID.Visium_FFPE_Mouse_Brain.SPATIAL_RNA_COUNTER_CS.SPATIAL_RNA_COUNTER.SPATIAL_RNA_ANALYZER.RUN_GRAPH_CLUSTERING
2023-06-14 18:43:49 [runtime] (run:local)       ID.Visium_FFPE_Mouse_Brain.SPATIAL_RNA_COUNTER_CS.SPATIAL_RNA_COUNTER.SPATIAL_RNA_ANALYZER.RUN_GRAPH_CLUSTERING.fork0.join
2023-06-14 18:43:50 [runtime] (join_complete)   ID.Visium_FFPE_Mouse_Brain.SPATIAL_RNA_COUNTER_CS.SPATIAL_RNA_COUNTER.SPATIAL_RNA_ANALYZER.RUN_GRAPH_CLUSTERING
2023-06-14 18:43:50 [runtime] (chunks_complete) ID.Visium_FFPE_Mouse_Brain.SPATIAL_RNA_COUNTER_CS.SPATIAL_RNA_COUNTER.SPATIAL_RNA_ANALYZER.RUN_TSNE
2023-06-14 18:43:50 [runtime] (run:local)       ID.Visium_FFPE_Mouse_Brain.SPATIAL_RNA_COUNTER_CS.SPATIAL_RNA_COUNTER.SPATIAL_RNA_ANALYZER.RUN_TSNE.fork0.join
2023-06-14 18:43:51 [runtime] (join_complete)   ID.Visium_FFPE_Mouse_Brain.SPATIAL_RNA_COUNTER_CS.SPATIAL_RNA_COUNTER.SPATIAL_RNA_ANALYZER.RUN_TSNE
2023-06-14 18:43:59 [runtime] (split_complete)  ID.Visium_FFPE_Mouse_Brain.SPATIAL_RNA_COUNTER_CS.SPATIAL_RNA_COUNTER.SPATIAL_RNA_ANALYZER.RUN_KMEANS
2023-06-14 18:43:59 [runtime] (run:local)       ID.Visium_FFPE_Mouse_Brain.SPATIAL_RNA_COUNTER_CS.SPATIAL_RNA_COUNTER.SPATIAL_RNA_ANALYZER.RUN_KMEANS.fork0.chnk0.main
2023-06-14 18:43:59 [runtime] (run:local)       ID.Visium_FFPE_Mouse_Brain.SPATIAL_RNA_COUNTER_CS.SPATIAL_RNA_COUNTER.SPATIAL_RNA_ANALYZER.RUN_KMEANS.fork0.chnk1.main
2023-06-14 18:43:59 [runtime] (run:local)       ID.Visium_FFPE_Mouse_Brain.SPATIAL_RNA_COUNTER_CS.SPATIAL_RNA_COUNTER.SPATIAL_RNA_ANALYZER.RUN_KMEANS.fork0.chnk2.main
2023-06-14 18:43:59 [runtime] (run:local)       ID.Visium_FFPE_Mouse_Brain.SPATIAL_RNA_COUNTER_CS.SPATIAL_RNA_COUNTER.SPATIAL_RNA_ANALYZER.RUN_KMEANS.fork0.chnk3.main
2023-06-14 18:43:59 [runtime] (run:local)       ID.Visium_FFPE_Mouse_Brain.SPATIAL_RNA_COUNTER_CS.SPATIAL_RNA_COUNTER.SPATIAL_RNA_ANALYZER.RUN_KMEANS.fork0.chnk4.main
2023-06-14 18:43:59 [runtime] (run:local)       ID.Visium_FFPE_Mouse_Brain.SPATIAL_RNA_COUNTER_CS.SPATIAL_RNA_COUNTER.SPATIAL_RNA_ANALYZER.RUN_KMEANS.fork0.chnk5.main
2023-06-14 18:43:59 [runtime] (run:local)       ID.Visium_FFPE_Mouse_Brain.SPATIAL_RNA_COUNTER_CS.SPATIAL_RNA_COUNTER.SPATIAL_RNA_ANALYZER.RUN_KMEANS.fork0.chnk6.main
2023-06-14 18:43:59 [runtime] (run:local)       ID.Visium_FFPE_Mouse_Brain.SPATIAL_RNA_COUNTER_CS.SPATIAL_RNA_COUNTER.SPATIAL_RNA_ANALYZER.RUN_KMEANS.fork0.chnk7.main
2023-06-14 18:43:59 [runtime] (run:local)       ID.Visium_FFPE_Mouse_Brain.SPATIAL_RNA_COUNTER_CS.SPATIAL_RNA_COUNTER.SPATIAL_RNA_ANALYZER.RUN_KMEANS.fork0.chnk8.main
2023-06-14 18:44:00 [runtime] (chunks_complete) ID.Visium_FFPE_Mouse_Brain.SPATIAL_RNA_COUNTER_CS.SPATIAL_RNA_COUNTER.SPATIAL_RNA_ANALYZER.RUN_UMAP
2023-06-14 18:44:01 [runtime] (run:local)       ID.Visium_FFPE_Mouse_Brain.SPATIAL_RNA_COUNTER_CS.SPATIAL_RNA_COUNTER.SPATIAL_RNA_ANALYZER.RUN_UMAP.fork0.join
2023-06-14 18:44:04 [runtime] (join_complete)   ID.Visium_FFPE_Mouse_Brain.SPATIAL_RNA_COUNTER_CS.SPATIAL_RNA_COUNTER.SPATIAL_RNA_ANALYZER.RUN_UMAP
2023-06-14 18:44:07 [runtime] (chunks_complete) ID.Visium_FFPE_Mouse_Brain.SPATIAL_RNA_COUNTER_CS.SPATIAL_RNA_COUNTER.SPATIAL_RNA_ANALYZER.RUN_KMEANS
2023-06-14 18:44:07 [runtime] (run:local)       ID.Visium_FFPE_Mouse_Brain.SPATIAL_RNA_COUNTER_CS.SPATIAL_RNA_COUNTER.SPATIAL_RNA_ANALYZER.RUN_KMEANS.fork0.join
2023-06-14 18:44:09 [runtime] (chunks_complete) ID.Visium_FFPE_Mouse_Brain.SPATIAL_RNA_COUNTER_CS.SPATIAL_RNA_COUNTER._TARGETED_ANALYZER.SUBSAMPLE_ON_TARGET_READS
2023-06-14 18:44:10 [runtime] (run:local)       ID.Visium_FFPE_Mouse_Brain.SPATIAL_RNA_COUNTER_CS.SPATIAL_RNA_COUNTER._TARGETED_ANALYZER.SUBSAMPLE_ON_TARGET_READS.fork0.join
2023-06-14 18:44:10 [runtime] (join_complete)   ID.Visium_FFPE_Mouse_Brain.SPATIAL_RNA_COUNTER_CS.SPATIAL_RNA_COUNTER.SPATIAL_RNA_ANALYZER.RUN_KMEANS
2023-06-14 18:44:10 [runtime] (ready)           ID.Visium_FFPE_Mouse_Brain.SPATIAL_RNA_COUNTER_CS.SPATIAL_RNA_COUNTER.SPATIAL_RNA_ANALYZER.COMBINE_CLUSTERING
2023-06-14 18:44:10 [runtime] (run:local)       ID.Visium_FFPE_Mouse_Brain.SPATIAL_RNA_COUNTER_CS.SPATIAL_RNA_COUNTER.SPATIAL_RNA_ANALYZER.COMBINE_CLUSTERING.fork0.chnk0.main
2023-06-14 18:44:12 [runtime] (chunks_complete) ID.Visium_FFPE_Mouse_Brain.SPATIAL_RNA_COUNTER_CS.SPATIAL_RNA_COUNTER.SPATIAL_RNA_ANALYZER.COMBINE_CLUSTERING
2023-06-14 18:44:12 [runtime] (ready)           ID.Visium_FFPE_Mouse_Brain.SPATIAL_RNA_COUNTER_CS.SPATIAL_RNA_COUNTER.SPATIAL_RNA_ANALYZER.RUN_DIFFERENTIAL_EXPRESSION
2023-06-14 18:44:12 [runtime] (run:local)       ID.Visium_FFPE_Mouse_Brain.SPATIAL_RNA_COUNTER_CS.SPATIAL_RNA_COUNTER.SPATIAL_RNA_ANALYZER.RUN_DIFFERENTIAL_EXPRESSION.fork0.split
2023-06-14 18:44:13 [runtime] (split_complete)  ID.Visium_FFPE_Mouse_Brain.SPATIAL_RNA_COUNTER_CS.SPATIAL_RNA_COUNTER.SPATIAL_RNA_ANALYZER.RUN_DIFFERENTIAL_EXPRESSION
2023-06-14 18:44:13 [runtime] (run:local)       ID.Visium_FFPE_Mouse_Brain.SPATIAL_RNA_COUNTER_CS.SPATIAL_RNA_COUNTER.SPATIAL_RNA_ANALYZER.RUN_DIFFERENTIAL_EXPRESSION.fork0.chnk0.main
2023-06-14 18:44:13 [runtime] (run:local)       ID.Visium_FFPE_Mouse_Brain.SPATIAL_RNA_COUNTER_CS.SPATIAL_RNA_COUNTER.SPATIAL_RNA_ANALYZER.RUN_DIFFERENTIAL_EXPRESSION.fork0.chnk1.main
2023-06-14 18:44:13 [runtime] (run:local)       ID.Visium_FFPE_Mouse_Brain.SPATIAL_RNA_COUNTER_CS.SPATIAL_RNA_COUNTER.SPATIAL_RNA_ANALYZER.RUN_DIFFERENTIAL_EXPRESSION.fork0.chnk2.main
2023-06-14 18:44:13 [runtime] (run:local)       ID.Visium_FFPE_Mouse_Brain.SPATIAL_RNA_COUNTER_CS.SPATIAL_RNA_COUNTER.SPATIAL_RNA_ANALYZER.RUN_DIFFERENTIAL_EXPRESSION.fork0.chnk3.main
2023-06-14 18:44:14 [runtime] (run:local)       ID.Visium_FFPE_Mouse_Brain.SPATIAL_RNA_COUNTER_CS.SPATIAL_RNA_COUNTER.SPATIAL_RNA_ANALYZER.RUN_DIFFERENTIAL_EXPRESSION.fork0.chnk4.main
2023-06-14 18:44:14 [runtime] (run:local)       ID.Visium_FFPE_Mouse_Brain.SPATIAL_RNA_COUNTER_CS.SPATIAL_RNA_COUNTER.SPATIAL_RNA_ANALYZER.RUN_DIFFERENTIAL_EXPRESSION.fork0.chnk5.main
2023-06-14 18:44:14 [runtime] (run:local)       ID.Visium_FFPE_Mouse_Brain.SPATIAL_RNA_COUNTER_CS.SPATIAL_RNA_COUNTER.SPATIAL_RNA_ANALYZER.RUN_DIFFERENTIAL_EXPRESSION.fork0.chnk6.main
2023-06-14 18:44:14 [runtime] (run:local)       ID.Visium_FFPE_Mouse_Brain.SPATIAL_RNA_COUNTER_CS.SPATIAL_RNA_COUNTER.SPATIAL_RNA_ANALYZER.RUN_DIFFERENTIAL_EXPRESSION.fork0.chnk7.main
2023-06-14 18:44:14 [runtime] (chunks_complete) ID.Visium_FFPE_Mouse_Brain.SPATIAL_RNA_COUNTER_CS.SPATIAL_RNA_COUNTER._BASIC_SPATIAL_RNA_COUNTER._CELLS_REPORTER.SUBSAMPLE_READS
2023-06-14 18:44:14 [runtime] (run:local)       ID.Visium_FFPE_Mouse_Brain.SPATIAL_RNA_COUNTER_CS.SPATIAL_RNA_COUNTER._BASIC_SPATIAL_RNA_COUNTER._CELLS_REPORTER.SUBSAMPLE_READS.fork0.join
2023-06-14 18:44:14 [runtime] (join_complete)   ID.Visium_FFPE_Mouse_Brain.SPATIAL_RNA_COUNTER_CS.SPATIAL_RNA_COUNTER._TARGETED_ANALYZER.SUBSAMPLE_ON_TARGET_READS
2023-06-14 18:44:16 [runtime] (join_complete)   ID.Visium_FFPE_Mouse_Brain.SPATIAL_RNA_COUNTER_CS.SPATIAL_RNA_COUNTER._BASIC_SPATIAL_RNA_COUNTER._CELLS_REPORTER.SUBSAMPLE_READS
2023-06-14 18:44:16 [runtime] (ready)           ID.Visium_FFPE_Mouse_Brain.SPATIAL_RNA_COUNTER_CS.SPATIAL_RNA_COUNTER._BASIC_SPATIAL_RNA_COUNTER._CELLS_REPORTER.SUMMARIZE_BASIC_REPORTS
2023-06-14 18:44:17 [runtime] (run:local)       ID.Visium_FFPE_Mouse_Brain.SPATIAL_RNA_COUNTER_CS.SPATIAL_RNA_COUNTER._BASIC_SPATIAL_RNA_COUNTER._CELLS_REPORTER.SUMMARIZE_BASIC_REPORTS.fork0.split
2023-06-14 18:44:19 [runtime] (split_complete)  ID.Visium_FFPE_Mouse_Brain.SPATIAL_RNA_COUNTER_CS.SPATIAL_RNA_COUNTER._BASIC_SPATIAL_RNA_COUNTER._CELLS_REPORTER.SUMMARIZE_BASIC_REPORTS
2023-06-14 18:44:19 [runtime] (run:local)       ID.Visium_FFPE_Mouse_Brain.SPATIAL_RNA_COUNTER_CS.SPATIAL_RNA_COUNTER._BASIC_SPATIAL_RNA_COUNTER._CELLS_REPORTER.SUMMARIZE_BASIC_REPORTS.fork0.join
2023-06-14 18:44:22 [runtime] (update)          ID.Visium_FFPE_Mouse_Brain.SPATIAL_RNA_COUNTER_CS.SPATIAL_RNA_COUNTER._BASIC_SPATIAL_RNA_COUNTER.WRITE_POS_BAM.fork0 chunks running (0/4 completed)
2023-06-14 18:44:28 [runtime] (join_complete)   ID.Visium_FFPE_Mouse_Brain.SPATIAL_RNA_COUNTER_CS.SPATIAL_RNA_COUNTER._BASIC_SPATIAL_RNA_COUNTER._CELLS_REPORTER.SUMMARIZE_BASIC_REPORTS
2023-06-14 18:44:29 [runtime] (ready)           ID.Visium_FFPE_Mouse_Brain.SPATIAL_RNA_COUNTER_CS.SPATIAL_RNA_COUNTER._BASIC_SPATIAL_RNA_COUNTER.MERGE_METRICS
2023-06-14 18:44:29 [runtime] (run:local)       ID.Visium_FFPE_Mouse_Brain.SPATIAL_RNA_COUNTER_CS.SPATIAL_RNA_COUNTER._BASIC_SPATIAL_RNA_COUNTER.MERGE_METRICS.fork0.chnk0.main
2023-06-14 18:44:31 [runtime] (chunks_complete) ID.Visium_FFPE_Mouse_Brain.SPATIAL_RNA_COUNTER_CS.SPATIAL_RNA_COUNTER._BASIC_SPATIAL_RNA_COUNTER.MERGE_METRICS
2023-06-14 18:44:31 [runtime] (ready)           ID.Visium_FFPE_Mouse_Brain.SPATIAL_RNA_COUNTER_CS.SPATIAL_RNA_COUNTER._TARGETED_ANALYZER.CALCULATE_TARGETED_METRICS
2023-06-14 18:44:31 [runtime] (run:local)       ID.Visium_FFPE_Mouse_Brain.SPATIAL_RNA_COUNTER_CS.SPATIAL_RNA_COUNTER._TARGETED_ANALYZER.CALCULATE_TARGETED_METRICS.fork0.split
2023-06-14 18:44:35 [runtime] (split_complete)  ID.Visium_FFPE_Mouse_Brain.SPATIAL_RNA_COUNTER_CS.SPATIAL_RNA_COUNTER._TARGETED_ANALYZER.CALCULATE_TARGETED_METRICS
2023-06-14 18:44:35 [runtime] (run:local)       ID.Visium_FFPE_Mouse_Brain.SPATIAL_RNA_COUNTER_CS.SPATIAL_RNA_COUNTER._TARGETED_ANALYZER.CALCULATE_TARGETED_METRICS.fork0.join
2023-06-14 18:45:18 [runtime] (chunks_complete) ID.Visium_FFPE_Mouse_Brain.SPATIAL_RNA_COUNTER_CS.SPATIAL_RNA_COUNTER.SPATIAL_RNA_ANALYZER.RUN_DIFFERENTIAL_EXPRESSION
2023-06-14 18:45:19 [runtime] (run:local)       ID.Visium_FFPE_Mouse_Brain.SPATIAL_RNA_COUNTER_CS.SPATIAL_RNA_COUNTER.SPATIAL_RNA_ANALYZER.RUN_DIFFERENTIAL_EXPRESSION.fork0.join
2023-06-14 18:45:22 [runtime] (join_complete)   ID.Visium_FFPE_Mouse_Brain.SPATIAL_RNA_COUNTER_CS.SPATIAL_RNA_COUNTER.SPATIAL_RNA_ANALYZER.RUN_DIFFERENTIAL_EXPRESSION
2023-06-14 18:45:22 [runtime] (ready)           ID.Visium_FFPE_Mouse_Brain.SPATIAL_RNA_COUNTER_CS.SPATIAL_RNA_COUNTER.SPATIAL_RNA_ANALYZER.SUMMARIZE_ANALYSIS
2023-06-14 18:45:22 [runtime] (run:local)       ID.Visium_FFPE_Mouse_Brain.SPATIAL_RNA_COUNTER_CS.SPATIAL_RNA_COUNTER.SPATIAL_RNA_ANALYZER.SUMMARIZE_ANALYSIS.fork0.split
2023-06-14 18:45:26 [runtime] (split_complete)  ID.Visium_FFPE_Mouse_Brain.SPATIAL_RNA_COUNTER_CS.SPATIAL_RNA_COUNTER.SPATIAL_RNA_ANALYZER.SUMMARIZE_ANALYSIS
2023-06-14 18:45:26 [runtime] (run:local)       ID.Visium_FFPE_Mouse_Brain.SPATIAL_RNA_COUNTER_CS.SPATIAL_RNA_COUNTER.SPATIAL_RNA_ANALYZER.SUMMARIZE_ANALYSIS.fork0.chnk0.main
2023-06-14 18:45:29 [runtime] (chunks_complete) ID.Visium_FFPE_Mouse_Brain.SPATIAL_RNA_COUNTER_CS.SPATIAL_RNA_COUNTER.SPATIAL_RNA_ANALYZER.SUMMARIZE_ANALYSIS
2023-06-14 18:45:29 [runtime] (run:local)       ID.Visium_FFPE_Mouse_Brain.SPATIAL_RNA_COUNTER_CS.SPATIAL_RNA_COUNTER.SPATIAL_RNA_ANALYZER.SUMMARIZE_ANALYSIS.fork0.join
2023-06-14 18:45:31 [runtime] (join_complete)   ID.Visium_FFPE_Mouse_Brain.SPATIAL_RNA_COUNTER_CS.SPATIAL_RNA_COUNTER.SPATIAL_RNA_ANALYZER.SUMMARIZE_ANALYSIS
2023-06-14 18:45:32 [runtime] (ready)           ID.Visium_FFPE_Mouse_Brain.SPATIAL_RNA_COUNTER_CS.SPATIAL_RNA_COUNTER.DECONVOLVE_SPOTS
2023-06-14 18:45:33 [runtime] (run:local)       ID.Visium_FFPE_Mouse_Brain.SPATIAL_RNA_COUNTER_CS.SPATIAL_RNA_COUNTER.DECONVOLVE_SPOTS.fork0.split
2023-06-14 18:45:48 [runtime] (split_complete)  ID.Visium_FFPE_Mouse_Brain.SPATIAL_RNA_COUNTER_CS.SPATIAL_RNA_COUNTER.DECONVOLVE_SPOTS
2023-06-14 18:45:48 [runtime] (run:local)       ID.Visium_FFPE_Mouse_Brain.SPATIAL_RNA_COUNTER_CS.SPATIAL_RNA_COUNTER.DECONVOLVE_SPOTS.fork0.join
2023-06-14 18:48:03 [runtime] (join_complete)   ID.Visium_FFPE_Mouse_Brain.SPATIAL_RNA_COUNTER_CS.SPATIAL_RNA_COUNTER._TARGETED_ANALYZER.CALCULATE_TARGETED_METRICS
2023-06-14 18:48:03 [runtime] (ready)           ID.Visium_FFPE_Mouse_Brain.SPATIAL_RNA_COUNTER_CS.SPATIAL_RNA_COUNTER._TARGETED_ANALYZER.MERGE_METRICS
2023-06-14 18:48:04 [runtime] (run:local)       ID.Visium_FFPE_Mouse_Brain.SPATIAL_RNA_COUNTER_CS.SPATIAL_RNA_COUNTER._TARGETED_ANALYZER.MERGE_METRICS.fork0.chnk0.main
2023-06-14 18:48:05 [runtime] (chunks_complete) ID.Visium_FFPE_Mouse_Brain.SPATIAL_RNA_COUNTER_CS.SPATIAL_RNA_COUNTER._TARGETED_ANALYZER.MERGE_METRICS
2023-06-14 18:48:06 [runtime] (ready)           ID.Visium_FFPE_Mouse_Brain.SPATIAL_RNA_COUNTER_CS.SPATIAL_RNA_COUNTER.SPATIAL_REPORTER
2023-06-14 18:48:07 [runtime] (run:local)       ID.Visium_FFPE_Mouse_Brain.SPATIAL_RNA_COUNTER_CS.SPATIAL_RNA_COUNTER.SPATIAL_REPORTER.fork0.chnk0.main
2023-06-14 18:49:14 [runtime] (chunks_complete) ID.Visium_FFPE_Mouse_Brain.SPATIAL_RNA_COUNTER_CS.SPATIAL_RNA_COUNTER.SPATIAL_REPORTER
2023-06-14 18:49:50 [runtime] (join_complete)   ID.Visium_FFPE_Mouse_Brain.SPATIAL_RNA_COUNTER_CS.SPATIAL_RNA_COUNTER.DECONVOLVE_SPOTS
2023-06-14 18:49:50 [runtime] (ready)           ID.Visium_FFPE_Mouse_Brain.SPATIAL_RNA_COUNTER_CS.CLOUPE_PREPROCESS
2023-06-14 18:49:50 [runtime] (run:local)       ID.Visium_FFPE_Mouse_Brain.SPATIAL_RNA_COUNTER_CS.CLOUPE_PREPROCESS.fork0.split
2023-06-14 18:50:00 [runtime] (split_complete)  ID.Visium_FFPE_Mouse_Brain.SPATIAL_RNA_COUNTER_CS.CLOUPE_PREPROCESS
2023-06-14 18:50:00 [runtime] (run:local)       ID.Visium_FFPE_Mouse_Brain.SPATIAL_RNA_COUNTER_CS.CLOUPE_PREPROCESS.fork0.chnk0.main
2023-06-14 18:50:22 [runtime] (update)          ID.Visium_FFPE_Mouse_Brain.SPATIAL_RNA_COUNTER_CS.SPATIAL_RNA_COUNTER._BASIC_SPATIAL_RNA_COUNTER.WRITE_POS_BAM.fork0 chunks running (0/4 completed)
2023-06-14 18:56:05 [runtime] (update)          ID.Visium_FFPE_Mouse_Brain.SPATIAL_RNA_COUNTER_CS.CLOUPE_PREPROCESS.fork0 chunks_running
2023-06-14 18:56:23 [runtime] (update)          ID.Visium_FFPE_Mouse_Brain.SPATIAL_RNA_COUNTER_CS.SPATIAL_RNA_COUNTER._BASIC_SPATIAL_RNA_COUNTER.WRITE_POS_BAM.fork0 chunks running (0/4 completed)
2023-06-14 18:59:40 [runtime] (chunks_complete) ID.Visium_FFPE_Mouse_Brain.SPATIAL_RNA_COUNTER_CS.SPATIAL_RNA_COUNTER._BASIC_SPATIAL_RNA_COUNTER.WRITE_POS_BAM
2023-06-14 18:59:42 [runtime] (run:local)       ID.Visium_FFPE_Mouse_Brain.SPATIAL_RNA_COUNTER_CS.SPATIAL_RNA_COUNTER._BASIC_SPATIAL_RNA_COUNTER.WRITE_POS_BAM.fork0.join
2023-06-14 19:00:31 [runtime] (join_complete)   ID.Visium_FFPE_Mouse_Brain.SPATIAL_RNA_COUNTER_CS.SPATIAL_RNA_COUNTER._BASIC_SPATIAL_RNA_COUNTER.WRITE_POS_BAM
2023-06-14 19:01:26 [runtime] (update)          ID.Visium_FFPE_Mouse_Brain.SPATIAL_RNA_COUNTER_CS.CLOUPE_PREPROCESS.fork0 chunks_running
2023-06-14 19:02:34 [runtime] (chunks_complete) ID.Visium_FFPE_Mouse_Brain.SPATIAL_RNA_COUNTER_CS.CLOUPE_PREPROCESS
2023-06-14 19:02:35 [runtime] (run:local)       ID.Visium_FFPE_Mouse_Brain.SPATIAL_RNA_COUNTER_CS.CLOUPE_PREPROCESS.fork0.join
2023-06-14 19:03:10 [runtime] (join_complete)   ID.Visium_FFPE_Mouse_Brain.SPATIAL_RNA_COUNTER_CS.CLOUPE_PREPROCESS

Outputs:
- Run summary HTML:                                  /scratch/skim823/vs/brain/Visium_FFPE_Mouse_Brain/outs/web_summary.html
- Outputs of spatial pipeline:
    Slide image annotated with fiducial alignment:                             /scratch/skim823/vs/brain/Visium_FFPE_Mouse_Brain/outs/spatial/aligned_fiducials.jpg
    Slide image annotated with detected tissue:                                /scratch/skim823/vs/brain/Visium_FFPE_Mouse_Brain/outs/spatial/detected_tissue_image.jpg
    Scale factors for hires and lowres images and fiducial and spot diameters: /scratch/skim823/vs/brain/Visium_FFPE_Mouse_Brain/outs/spatial/scalefactors_json.json
    Slide image scaled to 2000px in the largest dimension:                     /scratch/skim823/vs/brain/Visium_FFPE_Mouse_Brain/outs/spatial/tissue_hires_image.png
    Slide image scaled to 600px in the largest dimension:                      /scratch/skim823/vs/brain/Visium_FFPE_Mouse_Brain/outs/spatial/tissue_lowres_image.png
    RGB brightfield image generated by CytAssist instrument:                   null
    Registration image between CytAssist image and microscope image:           null
    Slide position and tissue status of barcodes CSV:                          /scratch/skim823/vs/brain/Visium_FFPE_Mouse_Brain/outs/spatial/tissue_positions.csv
    Per feature Moran's I CSV:                                                 /scratch/skim823/vs/brain/Visium_FFPE_Mouse_Brain/outs/spatial/spatial_enrichment.csv
    Fluorescence intensity at spot CSV:                                        null
- Run summary CSV:                                   /scratch/skim823/vs/brain/Visium_FFPE_Mouse_Brain/outs/metrics_summary.csv
- BAM:                                               /scratch/skim823/vs/brain/Visium_FFPE_Mouse_Brain/outs/possorted_genome_bam.bam
- BAM BAI index:                                     /scratch/skim823/vs/brain/Visium_FFPE_Mouse_Brain/outs/possorted_genome_bam.bam.bai
- BAM CSI index:                                     null
- Filtered feature-barcode matrices MEX:             /scratch/skim823/vs/brain/Visium_FFPE_Mouse_Brain/outs/filtered_feature_bc_matrix
- Filtered feature-barcode matrices HDF5:            /scratch/skim823/vs/brain/Visium_FFPE_Mouse_Brain/outs/filtered_feature_bc_matrix.h5
- Unfiltered feature-barcode matrices MEX:           /scratch/skim823/vs/brain/Visium_FFPE_Mouse_Brain/outs/raw_feature_bc_matrix
- Unfiltered feature-barcode matrices HDF5:          /scratch/skim823/vs/brain/Visium_FFPE_Mouse_Brain/outs/raw_feature_bc_matrix.h5
- Secondary analysis output CSV:                     /scratch/skim823/vs/brain/Visium_FFPE_Mouse_Brain/outs/analysis
- Per-molecule read information:                     /scratch/skim823/vs/brain/Visium_FFPE_Mouse_Brain/outs/molecule_info.h5
- Loupe Browser file:                                /scratch/skim823/vs/brain/Visium_FFPE_Mouse_Brain/outs/cloupe.cloupe
- Feature Reference:                                 null
- Target Panel file:                                 null
- Probe Set file:                                    /scratch/skim823/vs/brain/Visium_FFPE_Mouse_Brain/outs/probe_set.csv
- Normalization factors used to normalize AB counts: null
- Deconvolution directory:                           /scratch/skim823/vs/brain/Visium_FFPE_Mouse_Brain/outs/deconvolution
- Raw probe barcode matrix:                          /scratch/skim823/vs/brain/Visium_FFPE_Mouse_Brain/outs/raw_probe_bc_matrix.h5

Waiting 6 seconds for UI to do final refresh.
Pipestance completed successfully!

2023-06-14 19:03:31 Shutting down.
Saving pipestance info to "Visium_FFPE_Mouse_Brain/Visium_FFPE_Mouse_Brain.mri.tgz"
